<?xml version="1.0" encoding="UTF-8"?>
<robot generator="Robot 7.3.2 (Python 3.14.0 on win32)" generated="2025-12-08T00:44:21.930746" rpa="false" schemaversion="5">
<suite id="s1" name="SearchFlight" source="C:\Users\ridhi\PycharmProjects\FlightTesting\FlightTesting\Testcases\SearchFlight.robot">
<kw name="Open Browser To Home" owner="LoginKeywords" type="SETUP">
<kw name="Open Browser" owner="SeleniumLibrary">
<msg time="2025-12-08T00:44:22.506272" level="INFO">Opening browser 'chrome' to base url 'https://testingmint.com/testingmint-flight-booking/'.</msg>
<arg>${BASE_URL}</arg>
<arg>${BROWSER}</arg>
<doc>Opens a new browser instance to the optional ``url``.</doc>
<status status="PASS" start="2025-12-08T00:44:22.506019" elapsed="3.450047"/>
</kw>
<kw name="Maximize Browser Window" owner="SeleniumLibrary">
<doc>Maximizes current browser window.</doc>
<status status="PASS" start="2025-12-08T00:44:25.956450" elapsed="0.026095"/>
</kw>
<kw name="Set Selenium Timeout" owner="SeleniumLibrary">
<arg>${TIMEOUT}</arg>
<doc>Sets the timeout that is used by various keywords.</doc>
<status status="PASS" start="2025-12-08T00:44:25.982808" elapsed="0.001485"/>
</kw>
<doc>Launching Browser</doc>
<status status="PASS" start="2025-12-08T00:44:22.505346" elapsed="3.479078"/>
</kw>
<test id="s1-t1" name="Positive Flight Search - results shown for valid route" line="9">
<kw name="Go To Login Page" owner="LoginKeywords">
<kw name="Go To" owner="SeleniumLibrary">
<msg time="2025-12-08T00:44:25.986163" level="INFO">Opening url 'https://testingmint.com/testingmint-flight-booking/'</msg>
<arg>${BASE_URL}</arg>
<doc>Navigates the current browser window to the provided ``url``.</doc>
<status status="PASS" start="2025-12-08T00:44:25.985937" elapsed="0.154561"/>
</kw>
<kw name="Wait Until Page Contains Element" owner="SeleniumLibrary">
<arg>xpath=//button[normalize-space(text())='Login']</arg>
<arg>${TIMEOUT}</arg>
<doc>Waits until the element ``locator`` appears on the current page.</doc>
<status status="PASS" start="2025-12-08T00:44:26.140807" elapsed="0.017223"/>
</kw>
<kw name="Click Button" owner="SeleniumLibrary">
<msg time="2025-12-08T00:44:26.158505" level="INFO">Clicking button 'xpath=//button[normalize-space(text())='Login']'.</msg>
<arg>xpath=//button[normalize-space(text())='Login']</arg>
<doc>Clicks the button identified by ``locator``.</doc>
<status status="PASS" start="2025-12-08T00:44:26.158226" elapsed="0.117607"/>
</kw>
<doc>Ensure we are on login page or go to login page</doc>
<status status="PASS" start="2025-12-08T00:44:25.985568" elapsed="0.290431"/>
</kw>
<kw name="Login To Application" owner="LoginKeywords">
<kw name="Set Selenium Speed" owner="SeleniumLibrary">
<arg>1s</arg>
<doc>Sets the delay that is waited after each Selenium command.</doc>
<status status="PASS" start="2025-12-08T00:44:26.277581" elapsed="0.000282"/>
</kw>
<kw name="Run Keyword And Return Status" owner="BuiltIn">
<kw name="Element Should Be Visible" owner="SeleniumLibrary">
<msg time="2025-12-08T00:44:28.338049" level="INFO">Element 'id=username' is displayed.</msg>
<arg>id=username</arg>
<doc>Verifies that the element identified by ``locator`` is visible.</doc>
<status status="PASS" start="2025-12-08T00:44:26.278486" elapsed="2.059919"/>
</kw>
<msg time="2025-12-08T00:44:28.338842" level="INFO">${loc_username_ok} = True</msg>
<var>${loc_username_ok}</var>
<arg>Element Should Be Visible</arg>
<arg>id=username</arg>
<doc>Runs the given keyword with given arguments and returns the status as a Boolean value.</doc>
<status status="PASS" start="2025-12-08T00:44:26.278072" elapsed="2.060829"/>
</kw>
<kw name="Run Keyword If" owner="BuiltIn">
<kw name="Input Text" owner="SeleniumLibrary">
<msg time="2025-12-08T00:44:28.340135" level="INFO">Typing text 'testuser' into text field 'id=username'.</msg>
<arg>id=username</arg>
<arg>${username}</arg>
<doc>Types the given ``text`` into the text field identified by ``locator``.</doc>
<status status="PASS" start="2025-12-08T00:44:28.339747" elapsed="3.156174"/>
</kw>
<arg>${loc_username_ok}</arg>
<arg>Input Text</arg>
<arg>id=username</arg>
<arg>${username}</arg>
<arg>ELSE</arg>
<arg>Run Keyword If</arg>
<arg>Run Keyword And Return Status</arg>
<arg>Element Should Be Visible</arg>
<arg>name=username</arg>
<arg>Input Text</arg>
<arg>name=username</arg>
<arg>${username}</arg>
<doc>Runs the given keyword with the given arguments, if ``condition`` is true.</doc>
<status status="PASS" start="2025-12-08T00:44:28.339278" elapsed="3.156883"/>
</kw>
<kw name="Run Keyword And Return Status" owner="BuiltIn">
<kw name="Element Should Be Visible" owner="SeleniumLibrary">
<msg time="2025-12-08T00:44:33.552491" level="INFO">Element 'id=password' is displayed.</msg>
<arg>id=password</arg>
<doc>Verifies that the element identified by ``locator`` is visible.</doc>
<status status="PASS" start="2025-12-08T00:44:31.496871" elapsed="2.055857"/>
</kw>
<msg time="2025-12-08T00:44:33.553024" level="INFO">${loc_pwd_ok} = True</msg>
<var>${loc_pwd_ok}</var>
<arg>Element Should Be Visible</arg>
<arg>id=password</arg>
<doc>Runs the given keyword with given arguments and returns the status as a Boolean value.</doc>
<status status="PASS" start="2025-12-08T00:44:31.496531" elapsed="2.056543"/>
</kw>
<kw name="Run Keyword If" owner="BuiltIn">
<kw name="Input Password" owner="SeleniumLibrary">
<msg time="2025-12-08T00:44:33.554164" level="INFO">Typing password into text field 'id=password'.</msg>
<msg time="2025-12-08T00:44:35.596595" level="INFO">Temporally setting log level to: NONE</msg>
<arg>id=password</arg>
<arg>${password}</arg>
<doc>Types the given password into the text field identified by ``locator``.</doc>
<status status="PASS" start="2025-12-08T00:44:33.553789" elapsed="3.117293"/>
</kw>
<arg>${loc_pwd_ok}</arg>
<arg>Input Password</arg>
<arg>id=password</arg>
<arg>${password}</arg>
<arg>ELSE</arg>
<arg>Run Keyword If</arg>
<arg>Run Keyword And Return Status</arg>
<arg>Element Should Be Visible</arg>
<arg>name=password</arg>
<arg>Input Password</arg>
<arg>name=password</arg>
<arg>${password}</arg>
<doc>Runs the given keyword with the given arguments, if ``condition`` is true.</doc>
<status status="PASS" start="2025-12-08T00:44:33.553377" elapsed="3.117857"/>
</kw>
<kw name="Run Keyword And Return Status" owner="BuiltIn">
<kw name="Element Should Be Visible" owner="SeleniumLibrary">
<msg time="2025-12-08T00:44:38.694621" level="INFO">Element 'xpath=//button[contains(., 'Login') or contains(., 'Sign in')]' is displayed.</msg>
<arg>xpath=//button[contains(., 'Login') or contains(., 'Sign in')]</arg>
<doc>Verifies that the element identified by ``locator`` is visible.</doc>
<status status="PASS" start="2025-12-08T00:44:36.671783" elapsed="2.023071"/>
</kw>
<msg time="2025-12-08T00:44:38.695637" level="INFO">${loc_btn_ok} = True</msg>
<var>${loc_btn_ok}</var>
<arg>Element Should Be Visible</arg>
<arg>xpath=//button[contains(., 'Login') or contains(., 'Sign in')]</arg>
<doc>Runs the given keyword with given arguments and returns the status as a Boolean value.</doc>
<status status="PASS" start="2025-12-08T00:44:36.671519" elapsed="2.024207"/>
</kw>
<kw name="Run Keyword If" owner="BuiltIn">
<kw name="Click Button" owner="SeleniumLibrary">
<msg time="2025-12-08T00:44:38.697206" level="INFO">Clicking button 'xpath=//button[normalize-space()='Sign In']'.</msg>
<arg>xpath=//button[normalize-space()='Sign In']</arg>
<doc>Clicks the button identified by ``locator``.</doc>
<status status="PASS" start="2025-12-08T00:44:38.696750" elapsed="5.167341"/>
</kw>
<arg>${loc_btn_ok}</arg>
<arg>Click Button</arg>
<arg>xpath=//button[normalize-space()='Sign In']</arg>
<arg>ELSE</arg>
<arg>Run Keyword If</arg>
<arg>Run Keyword And Return Status</arg>
<arg>Element Should Be Visible</arg>
<arg>id=login-btn</arg>
<arg>Click Button</arg>
<arg>id=login-btn</arg>
<doc>Runs the given keyword with the given arguments, if ``condition`` is true.</doc>
<status status="PASS" start="2025-12-08T00:44:38.696181" elapsed="5.168162"/>
</kw>
<kw name="Wait Until Page Contains" owner="SeleniumLibrary">
<arg>${EMPTY}</arg>
<arg>timeout=1s</arg>
<doc>Waits until ``text`` appears on the current page.</doc>
<status status="PASS" start="2025-12-08T00:44:43.864765" elapsed="1.063632"/>
</kw>
<arg>${VALID_USERNAME}</arg>
<arg>${VALID_PASSWORD}</arg>
<doc>Generic login with credentials.</doc>
<status status="PASS" start="2025-12-08T00:44:26.276971" elapsed="18.651739"/>
</kw>
<kw name="Verify Login Success" owner="LoginKeywords">
<kw name="Wait Until Keyword Succeeds" owner="BuiltIn">
<kw name="Any Login Indicator Visible" owner="LoginKeywords">
<kw name="Run Keyword And Return Status" owner="BuiltIn">
<kw name="Page Should Contain" owner="SeleniumLibrary">
<msg time="2025-12-08T00:44:46.960079" level="INFO">Current page contains text 'TestingMint's Premium Flight Booking'.</msg>
<arg>TestingMint's Premium Flight Booking</arg>
<doc>Verifies that current page contains ``text``.</doc>
<status status="PASS" start="2025-12-08T00:44:44.932044" elapsed="2.028304"/>
</kw>
<msg time="2025-12-08T00:44:46.960651" level="INFO">${text_ok} = True</msg>
<var>${text_ok}</var>
<arg>Page Should Contain</arg>
<arg>TestingMint's Premium Flight Booking</arg>
<doc>Runs the given keyword with given arguments and returns the status as a Boolean value.</doc>
<status status="PASS" start="2025-12-08T00:44:44.931504" elapsed="2.029200"/>
</kw>
<kw name="Run Keyword And Return Status" owner="BuiltIn">
<kw name="Element Should Be Visible" owner="SeleniumLibrary">
<msg time="2025-12-08T00:44:49.179228" level="INFO" html="true">&lt;/td&gt;&lt;/tr&gt;&lt;tr&gt;&lt;td colspan="3"&gt;&lt;a href="selenium-screenshot-71.png"&gt;&lt;img src="selenium-screenshot-71.png" width="800px"&gt;&lt;/a&gt;</msg>
<msg time="2025-12-08T00:44:49.179792" level="FAIL">Element with locator 'css:.user-profile' not found.</msg>
<arg>css:.user-profile</arg>
<doc>Verifies that the element identified by ``locator`` is visible.</doc>
<status status="FAIL" start="2025-12-08T00:44:46.961385" elapsed="2.231592">Element with locator 'css:.user-profile' not found.</status>
</kw>
<msg time="2025-12-08T00:44:49.193358" level="INFO">${profile_ok} = False</msg>
<var>${profile_ok}</var>
<arg>Element Should Be Visible</arg>
<arg>css:.user-profile</arg>
<doc>Runs the given keyword with given arguments and returns the status as a Boolean value.</doc>
<status status="PASS" start="2025-12-08T00:44:46.961046" elapsed="2.232401"/>
</kw>
<kw name="Run Keyword And Return Status" owner="BuiltIn">
<kw name="Element Should Be Visible" owner="SeleniumLibrary">
<msg time="2025-12-08T00:44:51.327559" level="INFO" html="true">&lt;/td&gt;&lt;/tr&gt;&lt;tr&gt;&lt;td colspan="3"&gt;&lt;a href="selenium-screenshot-72.png"&gt;&lt;img src="selenium-screenshot-72.png" width="800px"&gt;&lt;/a&gt;</msg>
<msg time="2025-12-08T00:44:51.327829" level="FAIL">Element with locator 'xpath=//a[contains(translate(normalize-space(.), 'ABCDEFGHIJKLMNOPQRSTUVWXYZ', 'abcdefghijklmnopqrstuvwxyz'), 'logout')]' not found.</msg>
<arg>xpath=//a[contains(translate(normalize-space(.), 'ABCDEFGHIJKLMNOPQRSTUVWXYZ', 'abcdefghijklmnopqrstuvwxyz'), 'logout')]</arg>
<doc>Verifies that the element identified by ``locator`` is visible.</doc>
<status status="FAIL" start="2025-12-08T00:44:49.194166" elapsed="2.137529">Element with locator 'xpath=//a[contains(translate(normalize-space(.), 'ABCDEFGHIJKLMNOPQRSTUVWXYZ', 'abcdefghijklmnopqrstuvwxyz'), 'logout')]' not found.</status>
</kw>
<msg time="2025-12-08T00:44:51.332030" level="INFO">${logout_ok} = False</msg>
<var>${logout_ok}</var>
<arg>Element Should Be Visible</arg>
<arg>xpath=//a[contains(translate(normalize-space(.), 'ABCDEFGHIJKLMNOPQRSTUVWXYZ', 'abcdefghijklmnopqrstuvwxyz'), 'logout')]</arg>
<doc>Runs the given keyword with given arguments and returns the status as a Boolean value.</doc>
<status status="PASS" start="2025-12-08T00:44:49.193782" elapsed="2.138308"/>
</kw>
<kw name="Evaluate" owner="BuiltIn">
<msg time="2025-12-08T00:44:51.333042" level="INFO">${any} = True</msg>
<var>${any}</var>
<arg>${text_ok} or ${profile_ok} or ${logout_ok}</arg>
<doc>Evaluates the given expression in Python and returns the result.</doc>
<status status="PASS" start="2025-12-08T00:44:51.332394" elapsed="0.000705"/>
</kw>
<kw name="Run Keyword If" owner="BuiltIn">
<kw name="Return From Keyword" owner="BuiltIn">
<msg time="2025-12-08T00:44:51.333780" level="INFO">Returning from the enclosing user keyword.</msg>
<doc>Returns from the enclosing user keyword.</doc>
<status status="PASS" start="2025-12-08T00:44:51.333654" elapsed="0.000250"/>
</kw>
<arg>${any}</arg>
<arg>Return From Keyword</arg>
<doc>Runs the given keyword with the given arguments, if ``condition`` is true.</doc>
<status status="PASS" start="2025-12-08T00:44:51.333335" elapsed="0.000671"/>
</kw>
<kw name="Fail" owner="BuiltIn">
<arg>No login indicators found.</arg>
<doc>Fails the test with the given message and optionally alters its tags.</doc>
<status status="NOT RUN" start="2025-12-08T00:44:51.334191" elapsed="0.000049"/>
</kw>
<doc>Returns successfully if any known login-success indicator is visible on the page.</doc>
<status status="PASS" start="2025-12-08T00:44:44.930997" elapsed="6.403368"/>
</kw>
<arg>5 times</arg>
<arg>2s</arg>
<arg>Any Login Indicator Visible</arg>
<doc>Runs the specified keyword and retries if it fails.</doc>
<status status="PASS" start="2025-12-08T00:44:44.930442" elapsed="6.404019"/>
</kw>
<kw name="Get Location" owner="SeleniumLibrary">
<msg time="2025-12-08T00:44:52.404831" level="INFO">${current} = https://testingmint.com/testingmint-flight-booking/</msg>
<var>${current}</var>
<doc>Returns the current browser window URL.</doc>
<status status="PASS" start="2025-12-08T00:44:51.334643" elapsed="1.070312"/>
</kw>
<kw name="Log" owner="BuiltIn">
<msg time="2025-12-08T00:44:52.405752" level="INFO">Current URL after login: https://testingmint.com/testingmint-flight-booking/</msg>
<arg>Current URL after login: ${current}</arg>
<doc>Logs the given message with the given level.</doc>
<status status="PASS" start="2025-12-08T00:44:52.405336" elapsed="0.000522"/>
</kw>
<doc>Waits until one of the common login-success indicators appears, otherwise logs current URL and fails.</doc>
<status status="PASS" start="2025-12-08T00:44:44.929723" elapsed="7.476303"/>
</kw>
<kw name="Search Flight" owner="SearchKeywords">
<kw name="Run Keyword And Ignore Error" owner="BuiltIn">
<kw name="Input Text" owner="SeleniumLibrary">
<msg time="2025-12-08T00:44:52.408286" level="FAIL">Keyword 'SeleniumLibrary.Input Text' expected 2 to 3 arguments, got 1.</msg>
<arg>xpath=//input[@data-testid='source-input']</arg>
<doc>Types the given ``text`` into the text field identified by ``locator``.</doc>
<status status="FAIL" start="2025-12-08T00:44:52.408050" elapsed="0.001471">Keyword 'SeleniumLibrary.Input Text' expected 2 to 3 arguments, got 1.</status>
</kw>
<arg>Input Text</arg>
<arg>xpath=//input[@data-testid='source-input']</arg>
<doc>Runs the given keyword with the given arguments and ignores possible error.</doc>
<status status="PASS" start="2025-12-08T00:44:52.407779" elapsed="0.001938"/>
</kw>
<kw name="Sleep" owner="BuiltIn">
<msg time="2025-12-08T00:44:52.710644" level="INFO">Slept 300 milliseconds.</msg>
<arg>0.3s</arg>
<doc>Pauses the test executed for the given time.</doc>
<status status="PASS" start="2025-12-08T00:44:52.409954" elapsed="0.300921"/>
</kw>
<kw name="Clear Element Text" owner="SeleniumLibrary">
<arg>xpath=//input[@data-testid='source-input']</arg>
<doc>Clears the value of the text-input-element identified by ``locator``.</doc>
<status status="PASS" start="2025-12-08T00:44:52.711217" elapsed="2.090699"/>
</kw>
<kw name="Sleep" owner="BuiltIn">
<msg time="2025-12-08T00:44:55.503764" level="INFO">Slept 700 milliseconds.</msg>
<arg>0.7s</arg>
<doc>Pauses the test executed for the given time.</doc>
<status status="PASS" start="2025-12-08T00:44:54.802283" elapsed="0.701806"/>
</kw>
<kw name="Input Text" owner="SeleniumLibrary">
<msg time="2025-12-08T00:44:55.505183" level="INFO">Typing text 'Delhi' into text field 'xpath=//input[@data-testid='source-input']'.</msg>
<arg>xpath=//input[@data-testid='source-input']</arg>
<arg>${FROM_CITY_VALID}</arg>
<doc>Types the given ``text`` into the text field identified by ``locator``.</doc>
<status status="PASS" start="2025-12-08T00:44:55.504559" elapsed="3.207429"/>
</kw>
<kw name="Wait Until Element Is Visible" owner="SeleniumLibrary">
<arg>xpath=//li[@data-testid='source-result-${FROM_CITY_VALID}']</arg>
<arg>20s</arg>
<doc>Waits until the element ``locator`` is visible.</doc>
<status status="PASS" start="2025-12-08T00:44:58.712467" elapsed="2.030859"/>
</kw>
<kw name="Click Element" owner="SeleniumLibrary">
<msg time="2025-12-08T00:45:00.744400" level="INFO">Clicking element 'xpath=//li[@data-testid='source-result-Delhi']'.</msg>
<arg>xpath=//li[@data-testid='source-result-${FROM_CITY_VALID}']</arg>
<doc>Click the element identified by ``locator``.</doc>
<status status="PASS" start="2025-12-08T00:45:00.743798" elapsed="2.161910"/>
</kw>
<kw name="Run Keyword And Ignore Error" owner="BuiltIn">
<kw name="Input Text" owner="SeleniumLibrary">
<msg time="2025-12-08T00:45:02.912649" level="FAIL">Keyword 'SeleniumLibrary.Input Text' expected 2 to 3 arguments, got 1.</msg>
<arg>xpath=//input[@data-testid='dest-input']</arg>
<doc>Types the given ``text`` into the text field identified by ``locator``.</doc>
<status status="FAIL" start="2025-12-08T00:45:02.906466" elapsed="0.006347">Keyword 'SeleniumLibrary.Input Text' expected 2 to 3 arguments, got 1.</status>
</kw>
<arg>Input Text</arg>
<arg>xpath=//input[@data-testid='dest-input']</arg>
<doc>Runs the given keyword with the given arguments and ignores possible error.</doc>
<status status="PASS" start="2025-12-08T00:45:02.906123" elapsed="0.006908"/>
</kw>
<kw name="Sleep" owner="BuiltIn">
<msg time="2025-12-08T00:45:03.214031" level="INFO">Slept 300 milliseconds.</msg>
<arg>0.3s</arg>
<doc>Pauses the test executed for the given time.</doc>
<status status="PASS" start="2025-12-08T00:45:02.913302" elapsed="0.300978"/>
</kw>
<kw name="Clear Element Text" owner="SeleniumLibrary">
<arg>xpath=//input[@data-testid='dest-input']</arg>
<doc>Clears the value of the text-input-element identified by ``locator``.</doc>
<status status="PASS" start="2025-12-08T00:45:03.214637" elapsed="2.071495"/>
</kw>
<kw name="Sleep" owner="BuiltIn">
<msg time="2025-12-08T00:45:05.987326" level="INFO">Slept 700 milliseconds.</msg>
<arg>0.7s</arg>
<doc>Pauses the test executed for the given time.</doc>
<status status="PASS" start="2025-12-08T00:45:05.286525" elapsed="0.701130"/>
</kw>
<kw name="Input Text" owner="SeleniumLibrary">
<msg time="2025-12-08T00:45:05.988738" level="INFO">Typing text 'Goa' into text field 'xpath=//input[@data-testid='dest-input']'.</msg>
<arg>xpath=//input[@data-testid='dest-input']</arg>
<arg>${TO_CITY_VALID}</arg>
<doc>Types the given ``text`` into the text field identified by ``locator``.</doc>
<status status="PASS" start="2025-12-08T00:45:05.988116" elapsed="3.133096"/>
</kw>
<kw name="Wait Until Element Is Visible" owner="SeleniumLibrary">
<arg>xpath=//li[@data-testid='dest-result-${TO_CITY_VALID}']</arg>
<arg>20s</arg>
<doc>Waits until the element ``locator`` is visible.</doc>
<status status="PASS" start="2025-12-08T00:45:09.121632" elapsed="2.029463"/>
</kw>
<kw name="Click Element" owner="SeleniumLibrary">
<msg time="2025-12-08T00:45:11.152035" level="INFO">Clicking element 'xpath=//li[@data-testid='dest-result-Goa']'.</msg>
<arg>xpath=//li[@data-testid='dest-result-${TO_CITY_VALID}']</arg>
<doc>Click the element identified by ``locator``.</doc>
<status status="PASS" start="2025-12-08T00:45:11.151502" elapsed="2.103801"/>
</kw>
<kw name="Execute Javascript" owner="SeleniumLibrary">
<msg time="2025-12-08T00:45:13.256588" level="INFO">Executing JavaScript:
document.querySelector("[data-testid='date-input']").style.opacity="1";
Without any arguments.</msg>
<arg>document.querySelector("[data-testid='date-input']").style.opacity="1";</arg>
<doc>Executes the given JavaScript code with possible arguments.</doc>
<status status="PASS" start="2025-12-08T00:45:13.255778" elapsed="1.007751"/>
</kw>
<kw name="Input Text" owner="SeleniumLibrary">
<msg time="2025-12-08T00:45:14.264051" level="INFO">Typing text '2025-12-20' into text field 'xpath=//input[@data-testid='date-input']'.</msg>
<arg>xpath=//input[@data-testid='date-input']</arg>
<arg>2025-12-20</arg>
<doc>Types the given ``text`` into the text field identified by ``locator``.</doc>
<status status="PASS" start="2025-12-08T00:45:14.263786" elapsed="3.075049"/>
</kw>
<kw name="Run Keyword And Ignore Error" owner="BuiltIn">
<kw name="Select From List By Value" owner="SeleniumLibrary">
<msg time="2025-12-08T00:45:17.340666" level="INFO">Selecting options from selection list 'xpath=//select[@data-testid='passengers-select']' by value 1.</msg>
<arg>xpath=//select[@data-testid='passengers-select']</arg>
<arg>${NO_OF_PASSENGER}</arg>
<doc>Selects options from selection list ``locator`` by ``values``.</doc>
<status status="PASS" start="2025-12-08T00:45:17.340080" elapsed="6.100723"/>
</kw>
<arg>Select From List By Value</arg>
<arg>xpath=//select[@data-testid='passengers-select']</arg>
<arg>${NO_OF_PASSENGER}</arg>
<doc>Runs the given keyword with the given arguments and ignores possible error.</doc>
<status status="PASS" start="2025-12-08T00:45:17.339590" elapsed="6.101500"/>
</kw>
<kw name="Run Keyword And Ignore Error" owner="BuiltIn">
<kw name="Click Button" owner="SeleniumLibrary">
<msg time="2025-12-08T00:45:23.442491" level="INFO">Clicking button 'xpath=//button[@data-testid="search-btn"]'.</msg>
<arg>xpath=//button[@data-testid="search-btn"]</arg>
<doc>Clicks the button identified by ``locator``.</doc>
<status status="PASS" start="2025-12-08T00:45:23.442004" elapsed="5.153712"/>
</kw>
<arg>Click Button</arg>
<arg>xpath=//button[@data-testid="search-btn"]</arg>
<doc>Runs the given keyword with the given arguments and ignores possible error.</doc>
<status status="PASS" start="2025-12-08T00:45:23.441524" elapsed="5.154494"/>
</kw>
<kw name="Sleep" owner="BuiltIn">
<msg time="2025-12-08T00:45:30.597473" level="INFO">Slept 2 seconds.</msg>
<arg>2s</arg>
<doc>Pauses the test executed for the given time.</doc>
<status status="PASS" start="2025-12-08T00:45:28.596368" elapsed="2.001415"/>
</kw>
<arg>${FROM_CITY_VALID}</arg>
<arg>${TO_CITY_VALID}</arg>
<arg>${DEPART_DATE_VALID}</arg>
<doc>Fill search fields. Update locators to match actual page.</doc>
<status status="PASS" start="2025-12-08T00:44:52.407075" elapsed="38.191003"/>
</kw>
<kw name="Verify Flights Found" owner="SearchKeywords">
<kw name="Verify Flights Found" owner="SearchKeywords">
<kw name="Verify Flights Found" owner="SearchKeywords">
<kw name="Verify Flights Found" owner="SearchKeywords">
<kw name="Verify Flights Found" owner="SearchKeywords">
<kw name="Verify Flights Found" owner="SearchKeywords">
<kw name="Verify Flights Found" owner="SearchKeywords">
<kw name="Verify Flights Found" owner="SearchKeywords">
<kw name="Verify Flights Found" owner="SearchKeywords">
<kw name="Verify Flights Found" owner="SearchKeywords">
<kw name="Verify Flights Found" owner="SearchKeywords">
<kw name="Verify Flights Found" owner="SearchKeywords">
<kw name="Verify Flights Found" owner="SearchKeywords">
<kw name="Verify Flights Found" owner="SearchKeywords">
<kw name="Verify Flights Found" owner="SearchKeywords">
<kw name="Verify Flights Found" owner="SearchKeywords">
<kw name="Verify Flights Found" owner="SearchKeywords">
<kw name="Verify Flights Found" owner="SearchKeywords">
<kw name="Verify Flights Found" owner="SearchKeywords">
<kw name="Verify Flights Found" owner="SearchKeywords">
<kw name="Verify Flights Found" owner="SearchKeywords">
<kw name="Verify Flights Found" owner="SearchKeywords">
<kw name="Verify Flights Found" owner="SearchKeywords">
<kw name="Verify Flights Found" owner="SearchKeywords">
<kw name="Verify Flights Found" owner="SearchKeywords">
<kw name="Verify Flights Found" owner="SearchKeywords">
<kw name="Verify Flights Found" owner="SearchKeywords">
<kw name="Verify Flights Found" owner="SearchKeywords">
<kw name="Verify Flights Found" owner="SearchKeywords">
<kw name="Verify Flights Found" owner="SearchKeywords">
<kw name="Verify Flights Found" owner="SearchKeywords">
<kw name="Verify Flights Found" owner="SearchKeywords">
<kw name="Verify Flights Found" owner="SearchKeywords">
<kw name="Verify Flights Found" owner="SearchKeywords">
<kw name="Verify Flights Found" owner="SearchKeywords">
<kw name="Verify Flights Found" owner="SearchKeywords">
<kw name="Verify Flights Found" owner="SearchKeywords">
<kw name="Verify Flights Found" owner="SearchKeywords">
<kw name="Verify Flights Found" owner="SearchKeywords">
<kw name="Verify Flights Found" owner="SearchKeywords">
<kw name="Verify Flights Found" owner="SearchKeywords">
<kw name="Verify Flights Found" owner="SearchKeywords">
<kw name="Verify Flights Found" owner="SearchKeywords">
<kw name="Verify Flights Found" owner="SearchKeywords">
<kw name="Verify Flights Found" owner="SearchKeywords">
<kw name="Verify Flights Found" owner="SearchKeywords">
<kw name="Verify Flights Found" owner="SearchKeywords">
<kw name="Verify Flights Found" owner="SearchKeywords">
<kw name="Verify Flights Found" owner="SearchKeywords">
<kw name="Verify Flights Found" owner="SearchKeywords">
<kw name="Verify Flights Found" owner="SearchKeywords">
<kw name="Verify Flights Found" owner="SearchKeywords">
<kw name="Verify Flights Found" owner="SearchKeywords">
<kw name="Verify Flights Found" owner="SearchKeywords">
<kw name="Verify Flights Found" owner="SearchKeywords">
<kw name="Verify Flights Found" owner="SearchKeywords">
<kw name="Verify Flights Found" owner="SearchKeywords">
<kw name="Verify Flights Found" owner="SearchKeywords">
<kw name="Verify Flights Found" owner="SearchKeywords">
<kw name="Verify Flights Found" owner="SearchKeywords">
<kw name="Verify Flights Found" owner="SearchKeywords">
<kw name="Verify Flights Found" owner="SearchKeywords">
<kw name="Verify Flights Found" owner="SearchKeywords">
<kw name="Verify Flights Found" owner="SearchKeywords">
<kw name="Verify Flights Found" owner="SearchKeywords">
<kw name="Verify Flights Found" owner="SearchKeywords">
<kw name="Verify Flights Found" owner="SearchKeywords">
<kw name="Verify Flights Found" owner="SearchKeywords">
<kw name="Verify Flights Found" owner="SearchKeywords">
<kw name="Verify Flights Found" owner="SearchKeywords">
<kw name="Verify Flights Found" owner="SearchKeywords">
<kw name="Verify Flights Found" owner="SearchKeywords">
<kw name="Verify Flights Found" owner="SearchKeywords">
<kw name="Verify Flights Found" owner="SearchKeywords">
<kw name="Verify Flights Found" owner="SearchKeywords">
<kw name="Verify Flights Found" owner="SearchKeywords">
<kw name="Verify Flights Found" owner="SearchKeywords">
<kw name="Verify Flights Found" owner="SearchKeywords">
<kw name="Verify Flights Found" owner="SearchKeywords">
<kw name="Verify Flights Found" owner="SearchKeywords">
<kw name="Verify Flights Found" owner="SearchKeywords">
<kw name="Verify Flights Found" owner="SearchKeywords">
<kw name="Verify Flights Found" owner="SearchKeywords">
<kw name="Verify Flights Found" owner="SearchKeywords">
<kw name="Verify Flights Found" owner="SearchKeywords">
<kw name="Verify Flights Found" owner="SearchKeywords">
<kw name="Verify Flights Found" owner="SearchKeywords">
<kw name="Verify Flights Found" owner="SearchKeywords">
<kw name="Verify Flights Found" owner="SearchKeywords">
<kw name="Verify Flights Found" owner="SearchKeywords">
<kw name="Verify Flights Found" owner="SearchKeywords">
<kw name="Verify Flights Found" owner="SearchKeywords">
<kw name="Verify Flights Found" owner="SearchKeywords">
<kw name="Verify Flights Found" owner="SearchKeywords">
<kw name="Verify Flights Found" owner="SearchKeywords">
<kw name="Verify Flights Found" owner="SearchKeywords">
<kw name="Verify Flights Found" owner="SearchKeywords">
<kw name="Verify Flights Found" owner="SearchKeywords">
<kw name="Verify Flights Found" owner="SearchKeywords">
<kw name="Verify Flights Found" owner="SearchKeywords">
<kw name="Verify Flights Found" owner="SearchKeywords">
<kw name="Verify Flights Found" owner="SearchKeywords">
<kw name="Verify Flights Found" owner="SearchKeywords">
<kw name="Verify Flights Found" owner="SearchKeywords">
<kw name="Verify Flights Found" owner="SearchKeywords">
<kw name="Verify Flights Found" owner="SearchKeywords">
<kw name="Verify Flights Found" owner="SearchKeywords">
<kw name="Verify Flights Found" owner="SearchKeywords">
<kw name="Verify Flights Found" owner="SearchKeywords">
<kw name="Verify Flights Found" owner="SearchKeywords">
<kw name="Verify Flights Found" owner="SearchKeywords">
<kw name="Verify Flights Found" owner="SearchKeywords">
<kw name="Verify Flights Found" owner="SearchKeywords">
<kw name="Verify Flights Found" owner="SearchKeywords">
<kw name="Verify Flights Found" owner="SearchKeywords">
<kw name="Verify Flights Found" owner="SearchKeywords">
<kw name="Verify Flights Found" owner="SearchKeywords">
<kw name="Verify Flights Found" owner="SearchKeywords">
<kw name="Verify Flights Found" owner="SearchKeywords">
<kw name="Verify Flights Found" owner="SearchKeywords">
<kw name="Verify Flights Found" owner="SearchKeywords">
<kw name="Verify Flights Found" owner="SearchKeywords">
<kw name="Verify Flights Found" owner="SearchKeywords">
<kw name="Verify Flights Found" owner="SearchKeywords">
<kw name="Verify Flights Found" owner="SearchKeywords">
<kw name="Verify Flights Found" owner="SearchKeywords">
<kw name="Verify Flights Found" owner="SearchKeywords">
<kw name="Verify Flights Found" owner="SearchKeywords">
<kw name="Verify Flights Found" owner="SearchKeywords">
<kw name="Verify Flights Found" owner="SearchKeywords">
<kw name="Verify Flights Found" owner="SearchKeywords">
<kw name="Verify Flights Found" owner="SearchKeywords">
<kw name="Verify Flights Found" owner="SearchKeywords">
<kw name="Verify Flights Found" owner="SearchKeywords">
<kw name="Verify Flights Found" owner="SearchKeywords">
<kw name="Verify Flights Found" owner="SearchKeywords">
<kw name="Verify Flights Found" owner="SearchKeywords">
<kw name="Verify Flights Found" owner="SearchKeywords">
<kw name="Verify Flights Found" owner="SearchKeywords">
<kw name="Verify Flights Found" owner="SearchKeywords">
<kw name="Verify Flights Found" owner="SearchKeywords">
<kw name="Verify Flights Found" owner="SearchKeywords">
<kw name="Verify Flights Found" owner="SearchKeywords">
<kw name="Verify Flights Found" owner="SearchKeywords">
<kw name="Verify Flights Found" owner="SearchKeywords">
<kw name="Verify Flights Found" owner="SearchKeywords">
<kw name="Verify Flights Found" owner="SearchKeywords">
<msg time="2025-12-08T00:45:30.684692" level="FAIL">Recursive execution stopped.</msg>
<doc>Wait for flight results to appear, assert there is at least one result, and log the first result for debugging.</doc>
<status status="FAIL" start="2025-12-08T00:45:30.683961" elapsed="0.000829">Recursive execution stopped.</status>
</kw>
<kw name="Wait Until Page Contains Element" owner="SeleniumLibrary">
<arg>xpath=//div[contains(@class,'flight') or contains(@class,'result')] | //li[contains(@class,'flight') or contains(@class,'result')]</arg>
<arg>${TIMEOUT}</arg>
<doc>Waits until the element ``locator`` appears on the current page.</doc>
<status status="NOT RUN" start="2025-12-08T00:45:30.685186" elapsed="0.000084"/>
</kw>
<kw name="Get Element Count" owner="SeleniumLibrary">
<var>${count}</var>
<arg>xpath=//div[contains(@class,'flight') or contains(@class,'result')] | //li[contains(@class,'flight') or contains(@class,'result')]</arg>
<doc>Returns the number of elements matching ``locator``.</doc>
<status status="NOT RUN" start="2025-12-08T00:45:30.685483" elapsed="0.000061"/>
</kw>
<kw name="Log" owner="BuiltIn">
<arg>Number of flight result nodes found: ${count}</arg>
<doc>Logs the given message with the given level.</doc>
<status status="NOT RUN" start="2025-12-08T00:45:30.685725" elapsed="0.000058"/>
</kw>
<kw name="Evaluate" owner="BuiltIn">
<var>${has_results}</var>
<arg>${count} &gt; 0</arg>
<doc>Evaluates the given expression in Python and returns the result.</doc>
<status status="NOT RUN" start="2025-12-08T00:45:30.685984" elapsed="0.000059"/>
</kw>
<kw name="Should Be True" owner="BuiltIn">
<arg>${has_results}</arg>
<arg>msg=No flights found after search (expected at least 1)</arg>
<doc>Fails if the given condition is not true.</doc>
<status status="NOT RUN" start="2025-12-08T00:45:30.686202" elapsed="0.000056"/>
</kw>
<kw name="Get Text" owner="SeleniumLibrary">
<var>${first}</var>
<arg>xpath=(//div[contains(@class,'flight') or contains(@class,'result')] | //li[contains(@class,'flight') or contains(@class,'result')])[1]</arg>
<doc>Returns the text value of the element identified by ``locator``.</doc>
<status status="NOT RUN" start="2025-12-08T00:45:30.686412" elapsed="0.000055"/>
</kw>
<kw name="Log" owner="BuiltIn">
<arg>First flight result (snippet): ${first}</arg>
<doc>Logs the given message with the given level.</doc>
<status status="NOT RUN" start="2025-12-08T00:45:30.686633" elapsed="0.000056"/>
</kw>
<doc>Wait for flight results to appear, assert there is at least one result, and log the first result for debugging.</doc>
<status status="FAIL" start="2025-12-08T00:45:30.683536" elapsed="0.003591">Recursive execution stopped.</status>
</kw>
<kw name="Wait Until Page Contains Element" owner="SeleniumLibrary">
<arg>xpath=//div[contains(@class,'flight') or contains(@class,'result')] | //li[contains(@class,'flight') or contains(@class,'result')]</arg>
<arg>${TIMEOUT}</arg>
<doc>Waits until the element ``locator`` appears on the current page.</doc>
<status status="NOT RUN" start="2025-12-08T00:45:30.687789" elapsed="0.000103"/>
</kw>
<kw name="Get Element Count" owner="SeleniumLibrary">
<var>${count}</var>
<arg>xpath=//div[contains(@class,'flight') or contains(@class,'result')] | //li[contains(@class,'flight') or contains(@class,'result')]</arg>
<doc>Returns the number of elements matching ``locator``.</doc>
<status status="NOT RUN" start="2025-12-08T00:45:30.688081" elapsed="0.000058"/>
</kw>
<kw name="Log" owner="BuiltIn">
<arg>Number of flight result nodes found: ${count}</arg>
<doc>Logs the given message with the given level.</doc>
<status status="NOT RUN" start="2025-12-08T00:45:30.688315" elapsed="0.000056"/>
</kw>
<kw name="Evaluate" owner="BuiltIn">
<var>${has_results}</var>
<arg>${count} &gt; 0</arg>
<doc>Evaluates the given expression in Python and returns the result.</doc>
<status status="NOT RUN" start="2025-12-08T00:45:30.688521" elapsed="0.000053"/>
</kw>
<kw name="Should Be True" owner="BuiltIn">
<arg>${has_results}</arg>
<arg>msg=No flights found after search (expected at least 1)</arg>
<doc>Fails if the given condition is not true.</doc>
<status status="NOT RUN" start="2025-12-08T00:45:30.688723" elapsed="0.000053"/>
</kw>
<kw name="Get Text" owner="SeleniumLibrary">
<var>${first}</var>
<arg>xpath=(//div[contains(@class,'flight') or contains(@class,'result')] | //li[contains(@class,'flight') or contains(@class,'result')])[1]</arg>
<doc>Returns the text value of the element identified by ``locator``.</doc>
<status status="NOT RUN" start="2025-12-08T00:45:30.688928" elapsed="0.000053"/>
</kw>
<kw name="Log" owner="BuiltIn">
<arg>First flight result (snippet): ${first}</arg>
<doc>Logs the given message with the given level.</doc>
<status status="NOT RUN" start="2025-12-08T00:45:30.689131" elapsed="0.000052"/>
</kw>
<doc>Wait for flight results to appear, assert there is at least one result, and log the first result for debugging.</doc>
<status status="FAIL" start="2025-12-08T00:45:30.682964" elapsed="0.006727">Recursive execution stopped.</status>
</kw>
<kw name="Wait Until Page Contains Element" owner="SeleniumLibrary">
<arg>xpath=//div[contains(@class,'flight') or contains(@class,'result')] | //li[contains(@class,'flight') or contains(@class,'result')]</arg>
<arg>${TIMEOUT}</arg>
<doc>Waits until the element ``locator`` appears on the current page.</doc>
<status status="NOT RUN" start="2025-12-08T00:45:30.690231" elapsed="0.000109"/>
</kw>
<kw name="Get Element Count" owner="SeleniumLibrary">
<var>${count}</var>
<arg>xpath=//div[contains(@class,'flight') or contains(@class,'result')] | //li[contains(@class,'flight') or contains(@class,'result')]</arg>
<doc>Returns the number of elements matching ``locator``.</doc>
<status status="NOT RUN" start="2025-12-08T00:45:30.690733" elapsed="0.000090"/>
</kw>
<kw name="Log" owner="BuiltIn">
<arg>Number of flight result nodes found: ${count}</arg>
<doc>Logs the given message with the given level.</doc>
<status status="NOT RUN" start="2025-12-08T00:45:30.691199" elapsed="0.000086"/>
</kw>
<kw name="Evaluate" owner="BuiltIn">
<var>${has_results}</var>
<arg>${count} &gt; 0</arg>
<doc>Evaluates the given expression in Python and returns the result.</doc>
<status status="NOT RUN" start="2025-12-08T00:45:30.691647" elapsed="0.000084"/>
</kw>
<kw name="Should Be True" owner="BuiltIn">
<arg>${has_results}</arg>
<arg>msg=No flights found after search (expected at least 1)</arg>
<doc>Fails if the given condition is not true.</doc>
<status status="NOT RUN" start="2025-12-08T00:45:30.692308" elapsed="0.000065"/>
</kw>
<kw name="Get Text" owner="SeleniumLibrary">
<var>${first}</var>
<arg>xpath=(//div[contains(@class,'flight') or contains(@class,'result')] | //li[contains(@class,'flight') or contains(@class,'result')])[1]</arg>
<doc>Returns the text value of the element identified by ``locator``.</doc>
<status status="NOT RUN" start="2025-12-08T00:45:30.692521" elapsed="0.000032"/>
</kw>
<kw name="Log" owner="BuiltIn">
<arg>First flight result (snippet): ${first}</arg>
<doc>Logs the given message with the given level.</doc>
<status status="NOT RUN" start="2025-12-08T00:45:30.692714" elapsed="0.000076"/>
</kw>
<doc>Wait for flight results to appear, assert there is at least one result, and log the first result for debugging.</doc>
<status status="FAIL" start="2025-12-08T00:45:30.681836" elapsed="0.011391">Recursive execution stopped.</status>
</kw>
<kw name="Wait Until Page Contains Element" owner="SeleniumLibrary">
<arg>xpath=//div[contains(@class,'flight') or contains(@class,'result')] | //li[contains(@class,'flight') or contains(@class,'result')]</arg>
<arg>${TIMEOUT}</arg>
<doc>Waits until the element ``locator`` appears on the current page.</doc>
<status status="NOT RUN" start="2025-12-08T00:45:30.693774" elapsed="0.000231"/>
</kw>
<kw name="Get Element Count" owner="SeleniumLibrary">
<var>${count}</var>
<arg>xpath=//div[contains(@class,'flight') or contains(@class,'result')] | //li[contains(@class,'flight') or contains(@class,'result')]</arg>
<doc>Returns the number of elements matching ``locator``.</doc>
<status status="NOT RUN" start="2025-12-08T00:45:30.694666" elapsed="0.000185"/>
</kw>
<kw name="Log" owner="BuiltIn">
<arg>Number of flight result nodes found: ${count}</arg>
<doc>Logs the given message with the given level.</doc>
<status status="NOT RUN" start="2025-12-08T00:45:30.695341" elapsed="0.000152"/>
</kw>
<kw name="Evaluate" owner="BuiltIn">
<var>${has_results}</var>
<arg>${count} &gt; 0</arg>
<doc>Evaluates the given expression in Python and returns the result.</doc>
<status status="NOT RUN" start="2025-12-08T00:45:30.695933" elapsed="0.000152"/>
</kw>
<kw name="Should Be True" owner="BuiltIn">
<arg>${has_results}</arg>
<arg>msg=No flights found after search (expected at least 1)</arg>
<doc>Fails if the given condition is not true.</doc>
<status status="NOT RUN" start="2025-12-08T00:45:30.696518" elapsed="0.000163"/>
</kw>
<kw name="Get Text" owner="SeleniumLibrary">
<var>${first}</var>
<arg>xpath=(//div[contains(@class,'flight') or contains(@class,'result')] | //li[contains(@class,'flight') or contains(@class,'result')])[1]</arg>
<doc>Returns the text value of the element identified by ``locator``.</doc>
<status status="NOT RUN" start="2025-12-08T00:45:30.697102" elapsed="0.000164"/>
</kw>
<kw name="Log" owner="BuiltIn">
<arg>First flight result (snippet): ${first}</arg>
<doc>Logs the given message with the given level.</doc>
<status status="NOT RUN" start="2025-12-08T00:45:30.697689" elapsed="0.000192"/>
</kw>
<doc>Wait for flight results to appear, assert there is at least one result, and log the first result for debugging.</doc>
<status status="FAIL" start="2025-12-08T00:45:30.681185" elapsed="0.017329">Recursive execution stopped.</status>
</kw>
<kw name="Wait Until Page Contains Element" owner="SeleniumLibrary">
<arg>xpath=//div[contains(@class,'flight') or contains(@class,'result')] | //li[contains(@class,'flight') or contains(@class,'result')]</arg>
<arg>${TIMEOUT}</arg>
<doc>Waits until the element ``locator`` appears on the current page.</doc>
<status status="NOT RUN" start="2025-12-08T00:45:30.698862" elapsed="0.000076"/>
</kw>
<kw name="Get Element Count" owner="SeleniumLibrary">
<var>${count}</var>
<arg>xpath=//div[contains(@class,'flight') or contains(@class,'result')] | //li[contains(@class,'flight') or contains(@class,'result')]</arg>
<doc>Returns the number of elements matching ``locator``.</doc>
<status status="NOT RUN" start="2025-12-08T00:45:30.699109" elapsed="0.000056"/>
</kw>
<kw name="Log" owner="BuiltIn">
<arg>Number of flight result nodes found: ${count}</arg>
<doc>Logs the given message with the given level.</doc>
<status status="NOT RUN" start="2025-12-08T00:45:30.699320" elapsed="0.000068"/>
</kw>
<kw name="Evaluate" owner="BuiltIn">
<var>${has_results}</var>
<arg>${count} &gt; 0</arg>
<doc>Evaluates the given expression in Python and returns the result.</doc>
<status status="NOT RUN" start="2025-12-08T00:45:30.699544" elapsed="0.000055"/>
</kw>
<kw name="Should Be True" owner="BuiltIn">
<arg>${has_results}</arg>
<arg>msg=No flights found after search (expected at least 1)</arg>
<doc>Fails if the given condition is not true.</doc>
<status status="NOT RUN" start="2025-12-08T00:45:30.699752" elapsed="0.000057"/>
</kw>
<kw name="Get Text" owner="SeleniumLibrary">
<var>${first}</var>
<arg>xpath=(//div[contains(@class,'flight') or contains(@class,'result')] | //li[contains(@class,'flight') or contains(@class,'result')])[1]</arg>
<doc>Returns the text value of the element identified by ``locator``.</doc>
<status status="NOT RUN" start="2025-12-08T00:45:30.699987" elapsed="0.000056"/>
</kw>
<kw name="Log" owner="BuiltIn">
<arg>First flight result (snippet): ${first}</arg>
<doc>Logs the given message with the given level.</doc>
<status status="NOT RUN" start="2025-12-08T00:45:30.700197" elapsed="0.000062"/>
</kw>
<doc>Wait for flight results to appear, assert there is at least one result, and log the first result for debugging.</doc>
<status status="FAIL" start="2025-12-08T00:45:30.680785" elapsed="0.019870">Recursive execution stopped.</status>
</kw>
<kw name="Wait Until Page Contains Element" owner="SeleniumLibrary">
<arg>xpath=//div[contains(@class,'flight') or contains(@class,'result')] | //li[contains(@class,'flight') or contains(@class,'result')]</arg>
<arg>${TIMEOUT}</arg>
<doc>Waits until the element ``locator`` appears on the current page.</doc>
<status status="NOT RUN" start="2025-12-08T00:45:30.700959" elapsed="0.000074"/>
</kw>
<kw name="Get Element Count" owner="SeleniumLibrary">
<var>${count}</var>
<arg>xpath=//div[contains(@class,'flight') or contains(@class,'result')] | //li[contains(@class,'flight') or contains(@class,'result')]</arg>
<doc>Returns the number of elements matching ``locator``.</doc>
<status status="NOT RUN" start="2025-12-08T00:45:30.701200" elapsed="0.000055"/>
</kw>
<kw name="Log" owner="BuiltIn">
<arg>Number of flight result nodes found: ${count}</arg>
<doc>Logs the given message with the given level.</doc>
<status status="NOT RUN" start="2025-12-08T00:45:30.701412" elapsed="0.000053"/>
</kw>
<kw name="Evaluate" owner="BuiltIn">
<var>${has_results}</var>
<arg>${count} &gt; 0</arg>
<doc>Evaluates the given expression in Python and returns the result.</doc>
<status status="NOT RUN" start="2025-12-08T00:45:30.701638" elapsed="0.000056"/>
</kw>
<kw name="Should Be True" owner="BuiltIn">
<arg>${has_results}</arg>
<arg>msg=No flights found after search (expected at least 1)</arg>
<doc>Fails if the given condition is not true.</doc>
<status status="NOT RUN" start="2025-12-08T00:45:30.701840" elapsed="0.000053"/>
</kw>
<kw name="Get Text" owner="SeleniumLibrary">
<var>${first}</var>
<arg>xpath=(//div[contains(@class,'flight') or contains(@class,'result')] | //li[contains(@class,'flight') or contains(@class,'result')])[1]</arg>
<doc>Returns the text value of the element identified by ``locator``.</doc>
<status status="NOT RUN" start="2025-12-08T00:45:30.702058" elapsed="0.000058"/>
</kw>
<kw name="Log" owner="BuiltIn">
<arg>First flight result (snippet): ${first}</arg>
<doc>Logs the given message with the given level.</doc>
<status status="NOT RUN" start="2025-12-08T00:45:30.702265" elapsed="0.000053"/>
</kw>
<doc>Wait for flight results to appear, assert there is at least one result, and log the first result for debugging.</doc>
<status status="FAIL" start="2025-12-08T00:45:30.680388" elapsed="0.022354">Recursive execution stopped.</status>
</kw>
<kw name="Wait Until Page Contains Element" owner="SeleniumLibrary">
<arg>xpath=//div[contains(@class,'flight') or contains(@class,'result')] | //li[contains(@class,'flight') or contains(@class,'result')]</arg>
<arg>${TIMEOUT}</arg>
<doc>Waits until the element ``locator`` appears on the current page.</doc>
<status status="NOT RUN" start="2025-12-08T00:45:30.703035" elapsed="0.000073"/>
</kw>
<kw name="Get Element Count" owner="SeleniumLibrary">
<var>${count}</var>
<arg>xpath=//div[contains(@class,'flight') or contains(@class,'result')] | //li[contains(@class,'flight') or contains(@class,'result')]</arg>
<doc>Returns the number of elements matching ``locator``.</doc>
<status status="NOT RUN" start="2025-12-08T00:45:30.703285" elapsed="0.000056"/>
</kw>
<kw name="Log" owner="BuiltIn">
<arg>Number of flight result nodes found: ${count}</arg>
<doc>Logs the given message with the given level.</doc>
<status status="NOT RUN" start="2025-12-08T00:45:30.703494" elapsed="0.000052"/>
</kw>
<kw name="Evaluate" owner="BuiltIn">
<var>${has_results}</var>
<arg>${count} &gt; 0</arg>
<doc>Evaluates the given expression in Python and returns the result.</doc>
<status status="NOT RUN" start="2025-12-08T00:45:30.703711" elapsed="0.000056"/>
</kw>
<kw name="Should Be True" owner="BuiltIn">
<arg>${has_results}</arg>
<arg>msg=No flights found after search (expected at least 1)</arg>
<doc>Fails if the given condition is not true.</doc>
<status status="NOT RUN" start="2025-12-08T00:45:30.703915" elapsed="0.000051"/>
</kw>
<kw name="Get Text" owner="SeleniumLibrary">
<var>${first}</var>
<arg>xpath=(//div[contains(@class,'flight') or contains(@class,'result')] | //li[contains(@class,'flight') or contains(@class,'result')])[1]</arg>
<doc>Returns the text value of the element identified by ``locator``.</doc>
<status status="NOT RUN" start="2025-12-08T00:45:30.704118" elapsed="0.000062"/>
</kw>
<kw name="Log" owner="BuiltIn">
<arg>First flight result (snippet): ${first}</arg>
<doc>Logs the given message with the given level.</doc>
<status status="NOT RUN" start="2025-12-08T00:45:30.704345" elapsed="0.000052"/>
</kw>
<doc>Wait for flight results to appear, assert there is at least one result, and log the first result for debugging.</doc>
<status status="FAIL" start="2025-12-08T00:45:30.679974" elapsed="0.024804">Recursive execution stopped.</status>
</kw>
<kw name="Wait Until Page Contains Element" owner="SeleniumLibrary">
<arg>xpath=//div[contains(@class,'flight') or contains(@class,'result')] | //li[contains(@class,'flight') or contains(@class,'result')]</arg>
<arg>${TIMEOUT}</arg>
<doc>Waits until the element ``locator`` appears on the current page.</doc>
<status status="NOT RUN" start="2025-12-08T00:45:30.705072" elapsed="0.000068"/>
</kw>
<kw name="Get Element Count" owner="SeleniumLibrary">
<var>${count}</var>
<arg>xpath=//div[contains(@class,'flight') or contains(@class,'result')] | //li[contains(@class,'flight') or contains(@class,'result')]</arg>
<doc>Returns the number of elements matching ``locator``.</doc>
<status status="NOT RUN" start="2025-12-08T00:45:30.705333" elapsed="0.000060"/>
</kw>
<kw name="Log" owner="BuiltIn">
<arg>Number of flight result nodes found: ${count}</arg>
<doc>Logs the given message with the given level.</doc>
<status status="NOT RUN" start="2025-12-08T00:45:30.705600" elapsed="0.000058"/>
</kw>
<kw name="Evaluate" owner="BuiltIn">
<var>${has_results}</var>
<arg>${count} &gt; 0</arg>
<doc>Evaluates the given expression in Python and returns the result.</doc>
<status status="NOT RUN" start="2025-12-08T00:45:30.705865" elapsed="0.000083"/>
</kw>
<kw name="Should Be True" owner="BuiltIn">
<arg>${has_results}</arg>
<arg>msg=No flights found after search (expected at least 1)</arg>
<doc>Fails if the given condition is not true.</doc>
<status status="NOT RUN" start="2025-12-08T00:45:30.706221" elapsed="0.000075"/>
</kw>
<kw name="Get Text" owner="SeleniumLibrary">
<var>${first}</var>
<arg>xpath=(//div[contains(@class,'flight') or contains(@class,'result')] | //li[contains(@class,'flight') or contains(@class,'result')])[1]</arg>
<doc>Returns the text value of the element identified by ``locator``.</doc>
<status status="NOT RUN" start="2025-12-08T00:45:30.706473" elapsed="0.000056"/>
</kw>
<kw name="Log" owner="BuiltIn">
<arg>First flight result (snippet): ${first}</arg>
<doc>Logs the given message with the given level.</doc>
<status status="NOT RUN" start="2025-12-08T00:45:30.706679" elapsed="0.000052"/>
</kw>
<doc>Wait for flight results to appear, assert there is at least one result, and log the first result for debugging.</doc>
<status status="FAIL" start="2025-12-08T00:45:30.679573" elapsed="0.027535">Recursive execution stopped.</status>
</kw>
<kw name="Wait Until Page Contains Element" owner="SeleniumLibrary">
<arg>xpath=//div[contains(@class,'flight') or contains(@class,'result')] | //li[contains(@class,'flight') or contains(@class,'result')]</arg>
<arg>${TIMEOUT}</arg>
<doc>Waits until the element ``locator`` appears on the current page.</doc>
<status status="NOT RUN" start="2025-12-08T00:45:30.707391" elapsed="0.000061"/>
</kw>
<kw name="Get Element Count" owner="SeleniumLibrary">
<var>${count}</var>
<arg>xpath=//div[contains(@class,'flight') or contains(@class,'result')] | //li[contains(@class,'flight') or contains(@class,'result')]</arg>
<doc>Returns the number of elements matching ``locator``.</doc>
<status status="NOT RUN" start="2025-12-08T00:45:30.707613" elapsed="0.000053"/>
</kw>
<kw name="Log" owner="BuiltIn">
<arg>Number of flight result nodes found: ${count}</arg>
<doc>Logs the given message with the given level.</doc>
<status status="NOT RUN" start="2025-12-08T00:45:30.707813" elapsed="0.000051"/>
</kw>
<kw name="Evaluate" owner="BuiltIn">
<var>${has_results}</var>
<arg>${count} &gt; 0</arg>
<doc>Evaluates the given expression in Python and returns the result.</doc>
<status status="NOT RUN" start="2025-12-08T00:45:30.708009" elapsed="0.000052"/>
</kw>
<kw name="Should Be True" owner="BuiltIn">
<arg>${has_results}</arg>
<arg>msg=No flights found after search (expected at least 1)</arg>
<doc>Fails if the given condition is not true.</doc>
<status status="NOT RUN" start="2025-12-08T00:45:30.708204" elapsed="0.000050"/>
</kw>
<kw name="Get Text" owner="SeleniumLibrary">
<var>${first}</var>
<arg>xpath=(//div[contains(@class,'flight') or contains(@class,'result')] | //li[contains(@class,'flight') or contains(@class,'result')])[1]</arg>
<doc>Returns the text value of the element identified by ``locator``.</doc>
<status status="NOT RUN" start="2025-12-08T00:45:30.708403" elapsed="0.000053"/>
</kw>
<kw name="Log" owner="BuiltIn">
<arg>First flight result (snippet): ${first}</arg>
<doc>Logs the given message with the given level.</doc>
<status status="NOT RUN" start="2025-12-08T00:45:30.708615" elapsed="0.000070"/>
</kw>
<doc>Wait for flight results to appear, assert there is at least one result, and log the first result for debugging.</doc>
<status status="FAIL" start="2025-12-08T00:45:30.679118" elapsed="0.030040">Recursive execution stopped.</status>
</kw>
<kw name="Wait Until Page Contains Element" owner="SeleniumLibrary">
<arg>xpath=//div[contains(@class,'flight') or contains(@class,'result')] | //li[contains(@class,'flight') or contains(@class,'result')]</arg>
<arg>${TIMEOUT}</arg>
<doc>Waits until the element ``locator`` appears on the current page.</doc>
<status status="NOT RUN" start="2025-12-08T00:45:30.709303" elapsed="0.000081"/>
</kw>
<kw name="Get Element Count" owner="SeleniumLibrary">
<var>${count}</var>
<arg>xpath=//div[contains(@class,'flight') or contains(@class,'result')] | //li[contains(@class,'flight') or contains(@class,'result')]</arg>
<doc>Returns the number of elements matching ``locator``.</doc>
<status status="NOT RUN" start="2025-12-08T00:45:30.709589" elapsed="0.000063"/>
</kw>
<kw name="Log" owner="BuiltIn">
<arg>Number of flight result nodes found: ${count}</arg>
<doc>Logs the given message with the given level.</doc>
<status status="NOT RUN" start="2025-12-08T00:45:30.709814" elapsed="0.000054"/>
</kw>
<kw name="Evaluate" owner="BuiltIn">
<var>${has_results}</var>
<arg>${count} &gt; 0</arg>
<doc>Evaluates the given expression in Python and returns the result.</doc>
<status status="NOT RUN" start="2025-12-08T00:45:30.710018" elapsed="0.000054"/>
</kw>
<kw name="Should Be True" owner="BuiltIn">
<arg>${has_results}</arg>
<arg>msg=No flights found after search (expected at least 1)</arg>
<doc>Fails if the given condition is not true.</doc>
<status status="NOT RUN" start="2025-12-08T00:45:30.710219" elapsed="0.000053"/>
</kw>
<kw name="Get Text" owner="SeleniumLibrary">
<var>${first}</var>
<arg>xpath=(//div[contains(@class,'flight') or contains(@class,'result')] | //li[contains(@class,'flight') or contains(@class,'result')])[1]</arg>
<doc>Returns the text value of the element identified by ``locator``.</doc>
<status status="NOT RUN" start="2025-12-08T00:45:30.710423" elapsed="0.000052"/>
</kw>
<kw name="Log" owner="BuiltIn">
<arg>First flight result (snippet): ${first}</arg>
<doc>Logs the given message with the given level.</doc>
<status status="NOT RUN" start="2025-12-08T00:45:30.710623" elapsed="0.000051"/>
</kw>
<doc>Wait for flight results to appear, assert there is at least one result, and log the first result for debugging.</doc>
<status status="FAIL" start="2025-12-08T00:45:30.678581" elapsed="0.032463">Recursive execution stopped.</status>
</kw>
<kw name="Wait Until Page Contains Element" owner="SeleniumLibrary">
<arg>xpath=//div[contains(@class,'flight') or contains(@class,'result')] | //li[contains(@class,'flight') or contains(@class,'result')]</arg>
<arg>${TIMEOUT}</arg>
<doc>Waits until the element ``locator`` appears on the current page.</doc>
<status status="NOT RUN" start="2025-12-08T00:45:30.711337" elapsed="0.000064"/>
</kw>
<kw name="Get Element Count" owner="SeleniumLibrary">
<var>${count}</var>
<arg>xpath=//div[contains(@class,'flight') or contains(@class,'result')] | //li[contains(@class,'flight') or contains(@class,'result')]</arg>
<doc>Returns the number of elements matching ``locator``.</doc>
<status status="NOT RUN" start="2025-12-08T00:45:30.711560" elapsed="0.000055"/>
</kw>
<kw name="Log" owner="BuiltIn">
<arg>Number of flight result nodes found: ${count}</arg>
<doc>Logs the given message with the given level.</doc>
<status status="NOT RUN" start="2025-12-08T00:45:30.711764" elapsed="0.000051"/>
</kw>
<kw name="Evaluate" owner="BuiltIn">
<var>${has_results}</var>
<arg>${count} &gt; 0</arg>
<doc>Evaluates the given expression in Python and returns the result.</doc>
<status status="NOT RUN" start="2025-12-08T00:45:30.711958" elapsed="0.000055"/>
</kw>
<kw name="Should Be True" owner="BuiltIn">
<arg>${has_results}</arg>
<arg>msg=No flights found after search (expected at least 1)</arg>
<doc>Fails if the given condition is not true.</doc>
<status status="NOT RUN" start="2025-12-08T00:45:30.712156" elapsed="0.000052"/>
</kw>
<kw name="Get Text" owner="SeleniumLibrary">
<var>${first}</var>
<arg>xpath=(//div[contains(@class,'flight') or contains(@class,'result')] | //li[contains(@class,'flight') or contains(@class,'result')])[1]</arg>
<doc>Returns the text value of the element identified by ``locator``.</doc>
<status status="NOT RUN" start="2025-12-08T00:45:30.712359" elapsed="0.000086"/>
</kw>
<kw name="Log" owner="BuiltIn">
<arg>First flight result (snippet): ${first}</arg>
<doc>Logs the given message with the given level.</doc>
<status status="NOT RUN" start="2025-12-08T00:45:30.712600" elapsed="0.000053"/>
</kw>
<doc>Wait for flight results to appear, assert there is at least one result, and log the first result for debugging.</doc>
<status status="FAIL" start="2025-12-08T00:45:30.677883" elapsed="0.035115">Recursive execution stopped.</status>
</kw>
<kw name="Wait Until Page Contains Element" owner="SeleniumLibrary">
<arg>xpath=//div[contains(@class,'flight') or contains(@class,'result')] | //li[contains(@class,'flight') or contains(@class,'result')]</arg>
<arg>${TIMEOUT}</arg>
<doc>Waits until the element ``locator`` appears on the current page.</doc>
<status status="NOT RUN" start="2025-12-08T00:45:30.713320" elapsed="0.000061"/>
</kw>
<kw name="Get Element Count" owner="SeleniumLibrary">
<var>${count}</var>
<arg>xpath=//div[contains(@class,'flight') or contains(@class,'result')] | //li[contains(@class,'flight') or contains(@class,'result')]</arg>
<doc>Returns the number of elements matching ``locator``.</doc>
<status status="NOT RUN" start="2025-12-08T00:45:30.713540" elapsed="0.000055"/>
</kw>
<kw name="Log" owner="BuiltIn">
<arg>Number of flight result nodes found: ${count}</arg>
<doc>Logs the given message with the given level.</doc>
<status status="NOT RUN" start="2025-12-08T00:45:30.713746" elapsed="0.000051"/>
</kw>
<kw name="Evaluate" owner="BuiltIn">
<var>${has_results}</var>
<arg>${count} &gt; 0</arg>
<doc>Evaluates the given expression in Python and returns the result.</doc>
<status status="NOT RUN" start="2025-12-08T00:45:30.713939" elapsed="0.000101"/>
</kw>
<kw name="Should Be True" owner="BuiltIn">
<arg>${has_results}</arg>
<arg>msg=No flights found after search (expected at least 1)</arg>
<doc>Fails if the given condition is not true.</doc>
<status status="NOT RUN" start="2025-12-08T00:45:30.714195" elapsed="0.000052"/>
</kw>
<kw name="Get Text" owner="SeleniumLibrary">
<var>${first}</var>
<arg>xpath=(//div[contains(@class,'flight') or contains(@class,'result')] | //li[contains(@class,'flight') or contains(@class,'result')])[1]</arg>
<doc>Returns the text value of the element identified by ``locator``.</doc>
<status status="NOT RUN" start="2025-12-08T00:45:30.714399" elapsed="0.000052"/>
</kw>
<kw name="Log" owner="BuiltIn">
<arg>First flight result (snippet): ${first}</arg>
<doc>Logs the given message with the given level.</doc>
<status status="NOT RUN" start="2025-12-08T00:45:30.714599" elapsed="0.000052"/>
</kw>
<doc>Wait for flight results to appear, assert there is at least one result, and log the first result for debugging.</doc>
<status status="FAIL" start="2025-12-08T00:45:30.677112" elapsed="0.037879">Recursive execution stopped.</status>
</kw>
<kw name="Wait Until Page Contains Element" owner="SeleniumLibrary">
<arg>xpath=//div[contains(@class,'flight') or contains(@class,'result')] | //li[contains(@class,'flight') or contains(@class,'result')]</arg>
<arg>${TIMEOUT}</arg>
<doc>Waits until the element ``locator`` appears on the current page.</doc>
<status status="NOT RUN" start="2025-12-08T00:45:30.715263" elapsed="0.000061"/>
</kw>
<kw name="Get Element Count" owner="SeleniumLibrary">
<var>${count}</var>
<arg>xpath=//div[contains(@class,'flight') or contains(@class,'result')] | //li[contains(@class,'flight') or contains(@class,'result')]</arg>
<doc>Returns the number of elements matching ``locator``.</doc>
<status status="NOT RUN" start="2025-12-08T00:45:30.715480" elapsed="0.000055"/>
</kw>
<kw name="Log" owner="BuiltIn">
<arg>Number of flight result nodes found: ${count}</arg>
<doc>Logs the given message with the given level.</doc>
<status status="NOT RUN" start="2025-12-08T00:45:30.715679" elapsed="0.000051"/>
</kw>
<kw name="Evaluate" owner="BuiltIn">
<var>${has_results}</var>
<arg>${count} &gt; 0</arg>
<doc>Evaluates the given expression in Python and returns the result.</doc>
<status status="NOT RUN" start="2025-12-08T00:45:30.715876" elapsed="0.000052"/>
</kw>
<kw name="Should Be True" owner="BuiltIn">
<arg>${has_results}</arg>
<arg>msg=No flights found after search (expected at least 1)</arg>
<doc>Fails if the given condition is not true.</doc>
<status status="NOT RUN" start="2025-12-08T00:45:30.716070" elapsed="0.000048"/>
</kw>
<kw name="Get Text" owner="SeleniumLibrary">
<var>${first}</var>
<arg>xpath=(//div[contains(@class,'flight') or contains(@class,'result')] | //li[contains(@class,'flight') or contains(@class,'result')])[1]</arg>
<doc>Returns the text value of the element identified by ``locator``.</doc>
<status status="NOT RUN" start="2025-12-08T00:45:30.716263" elapsed="0.000052"/>
</kw>
<kw name="Log" owner="BuiltIn">
<arg>First flight result (snippet): ${first}</arg>
<doc>Logs the given message with the given level.</doc>
<status status="NOT RUN" start="2025-12-08T00:45:30.716459" elapsed="0.000050"/>
</kw>
<doc>Wait for flight results to appear, assert there is at least one result, and log the first result for debugging.</doc>
<status status="FAIL" start="2025-12-08T00:45:30.675980" elapsed="0.040857">Recursive execution stopped.</status>
</kw>
<kw name="Wait Until Page Contains Element" owner="SeleniumLibrary">
<arg>xpath=//div[contains(@class,'flight') or contains(@class,'result')] | //li[contains(@class,'flight') or contains(@class,'result')]</arg>
<arg>${TIMEOUT}</arg>
<doc>Waits until the element ``locator`` appears on the current page.</doc>
<status status="NOT RUN" start="2025-12-08T00:45:30.717105" elapsed="0.000062"/>
</kw>
<kw name="Get Element Count" owner="SeleniumLibrary">
<var>${count}</var>
<arg>xpath=//div[contains(@class,'flight') or contains(@class,'result')] | //li[contains(@class,'flight') or contains(@class,'result')]</arg>
<doc>Returns the number of elements matching ``locator``.</doc>
<status status="NOT RUN" start="2025-12-08T00:45:30.717326" elapsed="0.000053"/>
</kw>
<kw name="Log" owner="BuiltIn">
<arg>Number of flight result nodes found: ${count}</arg>
<doc>Logs the given message with the given level.</doc>
<status status="NOT RUN" start="2025-12-08T00:45:30.717522" elapsed="0.000051"/>
</kw>
<kw name="Evaluate" owner="BuiltIn">
<var>${has_results}</var>
<arg>${count} &gt; 0</arg>
<doc>Evaluates the given expression in Python and returns the result.</doc>
<status status="NOT RUN" start="2025-12-08T00:45:30.717712" elapsed="0.000052"/>
</kw>
<kw name="Should Be True" owner="BuiltIn">
<arg>${has_results}</arg>
<arg>msg=No flights found after search (expected at least 1)</arg>
<doc>Fails if the given condition is not true.</doc>
<status status="NOT RUN" start="2025-12-08T00:45:30.717905" elapsed="0.000050"/>
</kw>
<kw name="Get Text" owner="SeleniumLibrary">
<var>${first}</var>
<arg>xpath=(//div[contains(@class,'flight') or contains(@class,'result')] | //li[contains(@class,'flight') or contains(@class,'result')])[1]</arg>
<doc>Returns the text value of the element identified by ``locator``.</doc>
<status status="NOT RUN" start="2025-12-08T00:45:30.718102" elapsed="0.000052"/>
</kw>
<kw name="Log" owner="BuiltIn">
<arg>First flight result (snippet): ${first}</arg>
<doc>Logs the given message with the given level.</doc>
<status status="NOT RUN" start="2025-12-08T00:45:30.718306" elapsed="0.000053"/>
</kw>
<doc>Wait for flight results to appear, assert there is at least one result, and log the first result for debugging.</doc>
<status status="FAIL" start="2025-12-08T00:45:30.674908" elapsed="0.043774">Recursive execution stopped.</status>
</kw>
<kw name="Wait Until Page Contains Element" owner="SeleniumLibrary">
<arg>xpath=//div[contains(@class,'flight') or contains(@class,'result')] | //li[contains(@class,'flight') or contains(@class,'result')]</arg>
<arg>${TIMEOUT}</arg>
<doc>Waits until the element ``locator`` appears on the current page.</doc>
<status status="NOT RUN" start="2025-12-08T00:45:30.718947" elapsed="0.000060"/>
</kw>
<kw name="Get Element Count" owner="SeleniumLibrary">
<var>${count}</var>
<arg>xpath=//div[contains(@class,'flight') or contains(@class,'result')] | //li[contains(@class,'flight') or contains(@class,'result')]</arg>
<doc>Returns the number of elements matching ``locator``.</doc>
<status status="NOT RUN" start="2025-12-08T00:45:30.719203" elapsed="0.000055"/>
</kw>
<kw name="Log" owner="BuiltIn">
<arg>Number of flight result nodes found: ${count}</arg>
<doc>Logs the given message with the given level.</doc>
<status status="NOT RUN" start="2025-12-08T00:45:30.719406" elapsed="0.000051"/>
</kw>
<kw name="Evaluate" owner="BuiltIn">
<var>${has_results}</var>
<arg>${count} &gt; 0</arg>
<doc>Evaluates the given expression in Python and returns the result.</doc>
<status status="NOT RUN" start="2025-12-08T00:45:30.719598" elapsed="0.000048"/>
</kw>
<kw name="Should Be True" owner="BuiltIn">
<arg>${has_results}</arg>
<arg>msg=No flights found after search (expected at least 1)</arg>
<doc>Fails if the given condition is not true.</doc>
<status status="NOT RUN" start="2025-12-08T00:45:30.719792" elapsed="0.000052"/>
</kw>
<kw name="Get Text" owner="SeleniumLibrary">
<var>${first}</var>
<arg>xpath=(//div[contains(@class,'flight') or contains(@class,'result')] | //li[contains(@class,'flight') or contains(@class,'result')])[1]</arg>
<doc>Returns the text value of the element identified by ``locator``.</doc>
<status status="NOT RUN" start="2025-12-08T00:45:30.719994" elapsed="0.000053"/>
</kw>
<kw name="Log" owner="BuiltIn">
<arg>First flight result (snippet): ${first}</arg>
<doc>Logs the given message with the given level.</doc>
<status status="NOT RUN" start="2025-12-08T00:45:30.720194" elapsed="0.000051"/>
</kw>
<doc>Wait for flight results to appear, assert there is at least one result, and log the first result for debugging.</doc>
<status status="FAIL" start="2025-12-08T00:45:30.673618" elapsed="0.046952">Recursive execution stopped.</status>
</kw>
<kw name="Wait Until Page Contains Element" owner="SeleniumLibrary">
<arg>xpath=//div[contains(@class,'flight') or contains(@class,'result')] | //li[contains(@class,'flight') or contains(@class,'result')]</arg>
<arg>${TIMEOUT}</arg>
<doc>Waits until the element ``locator`` appears on the current page.</doc>
<status status="NOT RUN" start="2025-12-08T00:45:30.720924" elapsed="0.000072"/>
</kw>
<kw name="Get Element Count" owner="SeleniumLibrary">
<var>${count}</var>
<arg>xpath=//div[contains(@class,'flight') or contains(@class,'result')] | //li[contains(@class,'flight') or contains(@class,'result')]</arg>
<doc>Returns the number of elements matching ``locator``.</doc>
<status status="NOT RUN" start="2025-12-08T00:45:30.721213" elapsed="0.000060"/>
</kw>
<kw name="Log" owner="BuiltIn">
<arg>Number of flight result nodes found: ${count}</arg>
<doc>Logs the given message with the given level.</doc>
<status status="NOT RUN" start="2025-12-08T00:45:30.721474" elapsed="0.000058"/>
</kw>
<kw name="Evaluate" owner="BuiltIn">
<var>${has_results}</var>
<arg>${count} &gt; 0</arg>
<doc>Evaluates the given expression in Python and returns the result.</doc>
<status status="NOT RUN" start="2025-12-08T00:45:30.721728" elapsed="0.000057"/>
</kw>
<kw name="Should Be True" owner="BuiltIn">
<arg>${has_results}</arg>
<arg>msg=No flights found after search (expected at least 1)</arg>
<doc>Fails if the given condition is not true.</doc>
<status status="NOT RUN" start="2025-12-08T00:45:30.722177" elapsed="0.000625"/>
</kw>
<kw name="Get Text" owner="SeleniumLibrary">
<var>${first}</var>
<arg>xpath=(//div[contains(@class,'flight') or contains(@class,'result')] | //li[contains(@class,'flight') or contains(@class,'result')])[1]</arg>
<doc>Returns the text value of the element identified by ``locator``.</doc>
<status status="NOT RUN" start="2025-12-08T00:45:30.723322" elapsed="0.000097"/>
</kw>
<kw name="Log" owner="BuiltIn">
<arg>First flight result (snippet): ${first}</arg>
<doc>Logs the given message with the given level.</doc>
<status status="NOT RUN" start="2025-12-08T00:45:30.723669" elapsed="0.000067"/>
</kw>
<doc>Wait for flight results to appear, assert there is at least one result, and log the first result for debugging.</doc>
<status status="FAIL" start="2025-12-08T00:45:30.672787" elapsed="0.051403">Recursive execution stopped.</status>
</kw>
<kw name="Wait Until Page Contains Element" owner="SeleniumLibrary">
<arg>xpath=//div[contains(@class,'flight') or contains(@class,'result')] | //li[contains(@class,'flight') or contains(@class,'result')]</arg>
<arg>${TIMEOUT}</arg>
<doc>Waits until the element ``locator`` appears on the current page.</doc>
<status status="NOT RUN" start="2025-12-08T00:45:30.724705" elapsed="0.000162"/>
</kw>
<kw name="Get Element Count" owner="SeleniumLibrary">
<var>${count}</var>
<arg>xpath=//div[contains(@class,'flight') or contains(@class,'result')] | //li[contains(@class,'flight') or contains(@class,'result')]</arg>
<doc>Returns the number of elements matching ``locator``.</doc>
<status status="NOT RUN" start="2025-12-08T00:45:30.725464" elapsed="0.000212"/>
</kw>
<kw name="Log" owner="BuiltIn">
<arg>Number of flight result nodes found: ${count}</arg>
<doc>Logs the given message with the given level.</doc>
<status status="NOT RUN" start="2025-12-08T00:45:30.725841" elapsed="0.000065"/>
</kw>
<kw name="Evaluate" owner="BuiltIn">
<var>${has_results}</var>
<arg>${count} &gt; 0</arg>
<doc>Evaluates the given expression in Python and returns the result.</doc>
<status status="NOT RUN" start="2025-12-08T00:45:30.726050" elapsed="0.000055"/>
</kw>
<kw name="Should Be True" owner="BuiltIn">
<arg>${has_results}</arg>
<arg>msg=No flights found after search (expected at least 1)</arg>
<doc>Fails if the given condition is not true.</doc>
<status status="NOT RUN" start="2025-12-08T00:45:30.726499" elapsed="0.000156"/>
</kw>
<kw name="Get Text" owner="SeleniumLibrary">
<var>${first}</var>
<arg>xpath=(//div[contains(@class,'flight') or contains(@class,'result')] | //li[contains(@class,'flight') or contains(@class,'result')])[1]</arg>
<doc>Returns the text value of the element identified by ``locator``.</doc>
<status status="NOT RUN" start="2025-12-08T00:45:30.727026" elapsed="0.000151"/>
</kw>
<kw name="Log" owner="BuiltIn">
<arg>First flight result (snippet): ${first}</arg>
<doc>Logs the given message with the given level.</doc>
<status status="NOT RUN" start="2025-12-08T00:45:30.727541" elapsed="0.000147"/>
</kw>
<doc>Wait for flight results to appear, assert there is at least one result, and log the first result for debugging.</doc>
<status status="FAIL" start="2025-12-08T00:45:30.672137" elapsed="0.056034">Recursive execution stopped.</status>
</kw>
<kw name="Wait Until Page Contains Element" owner="SeleniumLibrary">
<arg>xpath=//div[contains(@class,'flight') or contains(@class,'result')] | //li[contains(@class,'flight') or contains(@class,'result')]</arg>
<arg>${TIMEOUT}</arg>
<doc>Waits until the element ``locator`` appears on the current page.</doc>
<status status="NOT RUN" start="2025-12-08T00:45:30.728503" elapsed="0.000070"/>
</kw>
<kw name="Get Element Count" owner="SeleniumLibrary">
<var>${count}</var>
<arg>xpath=//div[contains(@class,'flight') or contains(@class,'result')] | //li[contains(@class,'flight') or contains(@class,'result')]</arg>
<doc>Returns the number of elements matching ``locator``.</doc>
<status status="NOT RUN" start="2025-12-08T00:45:30.728744" elapsed="0.000054"/>
</kw>
<kw name="Log" owner="BuiltIn">
<arg>Number of flight result nodes found: ${count}</arg>
<doc>Logs the given message with the given level.</doc>
<status status="NOT RUN" start="2025-12-08T00:45:30.728949" elapsed="0.000053"/>
</kw>
<kw name="Evaluate" owner="BuiltIn">
<var>${has_results}</var>
<arg>${count} &gt; 0</arg>
<doc>Evaluates the given expression in Python and returns the result.</doc>
<status status="NOT RUN" start="2025-12-08T00:45:30.729145" elapsed="0.000052"/>
</kw>
<kw name="Should Be True" owner="BuiltIn">
<arg>${has_results}</arg>
<arg>msg=No flights found after search (expected at least 1)</arg>
<doc>Fails if the given condition is not true.</doc>
<status status="NOT RUN" start="2025-12-08T00:45:30.729382" elapsed="0.000054"/>
</kw>
<kw name="Get Text" owner="SeleniumLibrary">
<var>${first}</var>
<arg>xpath=(//div[contains(@class,'flight') or contains(@class,'result')] | //li[contains(@class,'flight') or contains(@class,'result')])[1]</arg>
<doc>Returns the text value of the element identified by ``locator``.</doc>
<status status="NOT RUN" start="2025-12-08T00:45:30.729591" elapsed="0.000051"/>
</kw>
<kw name="Log" owner="BuiltIn">
<arg>First flight result (snippet): ${first}</arg>
<doc>Logs the given message with the given level.</doc>
<status status="NOT RUN" start="2025-12-08T00:45:30.729793" elapsed="0.000049"/>
</kw>
<doc>Wait for flight results to appear, assert there is at least one result, and log the first result for debugging.</doc>
<status status="FAIL" start="2025-12-08T00:45:30.671755" elapsed="0.058471">Recursive execution stopped.</status>
</kw>
<kw name="Wait Until Page Contains Element" owner="SeleniumLibrary">
<arg>xpath=//div[contains(@class,'flight') or contains(@class,'result')] | //li[contains(@class,'flight') or contains(@class,'result')]</arg>
<arg>${TIMEOUT}</arg>
<doc>Waits until the element ``locator`` appears on the current page.</doc>
<status status="NOT RUN" start="2025-12-08T00:45:30.730527" elapsed="0.000068"/>
</kw>
<kw name="Get Element Count" owner="SeleniumLibrary">
<var>${count}</var>
<arg>xpath=//div[contains(@class,'flight') or contains(@class,'result')] | //li[contains(@class,'flight') or contains(@class,'result')]</arg>
<doc>Returns the number of elements matching ``locator``.</doc>
<status status="NOT RUN" start="2025-12-08T00:45:30.730756" elapsed="0.000054"/>
</kw>
<kw name="Log" owner="BuiltIn">
<arg>Number of flight result nodes found: ${count}</arg>
<doc>Logs the given message with the given level.</doc>
<status status="NOT RUN" start="2025-12-08T00:45:30.730967" elapsed="0.000054"/>
</kw>
<kw name="Evaluate" owner="BuiltIn">
<var>${has_results}</var>
<arg>${count} &gt; 0</arg>
<doc>Evaluates the given expression in Python and returns the result.</doc>
<status status="NOT RUN" start="2025-12-08T00:45:30.731166" elapsed="0.000050"/>
</kw>
<kw name="Should Be True" owner="BuiltIn">
<arg>${has_results}</arg>
<arg>msg=No flights found after search (expected at least 1)</arg>
<doc>Fails if the given condition is not true.</doc>
<status status="NOT RUN" start="2025-12-08T00:45:30.731362" elapsed="0.000048"/>
</kw>
<kw name="Get Text" owner="SeleniumLibrary">
<var>${first}</var>
<arg>xpath=(//div[contains(@class,'flight') or contains(@class,'result')] | //li[contains(@class,'flight') or contains(@class,'result')])[1]</arg>
<doc>Returns the text value of the element identified by ``locator``.</doc>
<status status="NOT RUN" start="2025-12-08T00:45:30.731559" elapsed="0.000051"/>
</kw>
<kw name="Log" owner="BuiltIn">
<arg>First flight result (snippet): ${first}</arg>
<doc>Logs the given message with the given level.</doc>
<status status="NOT RUN" start="2025-12-08T00:45:30.731751" elapsed="0.000048"/>
</kw>
<doc>Wait for flight results to appear, assert there is at least one result, and log the first result for debugging.</doc>
<status status="FAIL" start="2025-12-08T00:45:30.671377" elapsed="0.060768">Recursive execution stopped.</status>
</kw>
<kw name="Wait Until Page Contains Element" owner="SeleniumLibrary">
<arg>xpath=//div[contains(@class,'flight') or contains(@class,'result')] | //li[contains(@class,'flight') or contains(@class,'result')]</arg>
<arg>${TIMEOUT}</arg>
<doc>Waits until the element ``locator`` appears on the current page.</doc>
<status status="NOT RUN" start="2025-12-08T00:45:30.732439" elapsed="0.000066"/>
</kw>
<kw name="Get Element Count" owner="SeleniumLibrary">
<var>${count}</var>
<arg>xpath=//div[contains(@class,'flight') or contains(@class,'result')] | //li[contains(@class,'flight') or contains(@class,'result')]</arg>
<doc>Returns the number of elements matching ``locator``.</doc>
<status status="NOT RUN" start="2025-12-08T00:45:30.732681" elapsed="0.000052"/>
</kw>
<kw name="Log" owner="BuiltIn">
<arg>Number of flight result nodes found: ${count}</arg>
<doc>Logs the given message with the given level.</doc>
<status status="NOT RUN" start="2025-12-08T00:45:30.732884" elapsed="0.000050"/>
</kw>
<kw name="Evaluate" owner="BuiltIn">
<var>${has_results}</var>
<arg>${count} &gt; 0</arg>
<doc>Evaluates the given expression in Python and returns the result.</doc>
<status status="NOT RUN" start="2025-12-08T00:45:30.733080" elapsed="0.000050"/>
</kw>
<kw name="Should Be True" owner="BuiltIn">
<arg>${has_results}</arg>
<arg>msg=No flights found after search (expected at least 1)</arg>
<doc>Fails if the given condition is not true.</doc>
<status status="NOT RUN" start="2025-12-08T00:45:30.733273" elapsed="0.000052"/>
</kw>
<kw name="Get Text" owner="SeleniumLibrary">
<var>${first}</var>
<arg>xpath=(//div[contains(@class,'flight') or contains(@class,'result')] | //li[contains(@class,'flight') or contains(@class,'result')])[1]</arg>
<doc>Returns the text value of the element identified by ``locator``.</doc>
<status status="NOT RUN" start="2025-12-08T00:45:30.733478" elapsed="0.000051"/>
</kw>
<kw name="Log" owner="BuiltIn">
<arg>First flight result (snippet): ${first}</arg>
<doc>Logs the given message with the given level.</doc>
<status status="NOT RUN" start="2025-12-08T00:45:30.733680" elapsed="0.000050"/>
</kw>
<doc>Wait for flight results to appear, assert there is at least one result, and log the first result for debugging.</doc>
<status status="FAIL" start="2025-12-08T00:45:30.670981" elapsed="0.063076">Recursive execution stopped.</status>
</kw>
<kw name="Wait Until Page Contains Element" owner="SeleniumLibrary">
<arg>xpath=//div[contains(@class,'flight') or contains(@class,'result')] | //li[contains(@class,'flight') or contains(@class,'result')]</arg>
<arg>${TIMEOUT}</arg>
<doc>Waits until the element ``locator`` appears on the current page.</doc>
<status status="NOT RUN" start="2025-12-08T00:45:30.734331" elapsed="0.000062"/>
</kw>
<kw name="Get Element Count" owner="SeleniumLibrary">
<var>${count}</var>
<arg>xpath=//div[contains(@class,'flight') or contains(@class,'result')] | //li[contains(@class,'flight') or contains(@class,'result')]</arg>
<doc>Returns the number of elements matching ``locator``.</doc>
<status status="NOT RUN" start="2025-12-08T00:45:30.734552" elapsed="0.000057"/>
</kw>
<kw name="Log" owner="BuiltIn">
<arg>Number of flight result nodes found: ${count}</arg>
<doc>Logs the given message with the given level.</doc>
<status status="NOT RUN" start="2025-12-08T00:45:30.734761" elapsed="0.000052"/>
</kw>
<kw name="Evaluate" owner="BuiltIn">
<var>${has_results}</var>
<arg>${count} &gt; 0</arg>
<doc>Evaluates the given expression in Python and returns the result.</doc>
<status status="NOT RUN" start="2025-12-08T00:45:30.734959" elapsed="0.000050"/>
</kw>
<kw name="Should Be True" owner="BuiltIn">
<arg>${has_results}</arg>
[...]
<status status="NOT RUN" start="2025-12-08T00:45:31.020498" elapsed="0.000040"/>
</kw>
<doc>Wait for flight results to appear, assert there is at least one result, and log the first result for debugging.</doc>
<status status="FAIL" start="2025-12-08T00:45:30.602139" elapsed="0.418572">Recursive execution stopped.</status>
</kw>
<kw name="Wait Until Page Contains Element" owner="SeleniumLibrary">
<arg>xpath=//div[contains(@class,'flight') or contains(@class,'result')] | //li[contains(@class,'flight') or contains(@class,'result')]</arg>
<arg>${TIMEOUT}</arg>
<doc>Waits until the element ``locator`` appears on the current page.</doc>
<status status="NOT RUN" start="2025-12-08T00:45:31.020905" elapsed="0.000054"/>
</kw>
<kw name="Get Element Count" owner="SeleniumLibrary">
<var>${count}</var>
<arg>xpath=//div[contains(@class,'flight') or contains(@class,'result')] | //li[contains(@class,'flight') or contains(@class,'result')]</arg>
<doc>Returns the number of elements matching ``locator``.</doc>
<status status="NOT RUN" start="2025-12-08T00:45:31.021531" elapsed="0.000090"/>
</kw>
<kw name="Log" owner="BuiltIn">
<arg>Number of flight result nodes found: ${count}</arg>
<doc>Logs the given message with the given level.</doc>
<status status="NOT RUN" start="2025-12-08T00:45:31.021830" elapsed="0.000046"/>
</kw>
<kw name="Evaluate" owner="BuiltIn">
<var>${has_results}</var>
<arg>${count} &gt; 0</arg>
<doc>Evaluates the given expression in Python and returns the result.</doc>
<status status="NOT RUN" start="2025-12-08T00:45:31.022046" elapsed="0.000042"/>
</kw>
<kw name="Should Be True" owner="BuiltIn">
<arg>${has_results}</arg>
<arg>msg=No flights found after search (expected at least 1)</arg>
<doc>Fails if the given condition is not true.</doc>
<status status="NOT RUN" start="2025-12-08T00:45:31.022237" elapsed="0.000042"/>
</kw>
<kw name="Get Text" owner="SeleniumLibrary">
<var>${first}</var>
<arg>xpath=(//div[contains(@class,'flight') or contains(@class,'result')] | //li[contains(@class,'flight') or contains(@class,'result')])[1]</arg>
<doc>Returns the text value of the element identified by ``locator``.</doc>
<status status="NOT RUN" start="2025-12-08T00:45:31.022447" elapsed="0.000043"/>
</kw>
<kw name="Log" owner="BuiltIn">
<arg>First flight result (snippet): ${first}</arg>
<doc>Logs the given message with the given level.</doc>
<status status="NOT RUN" start="2025-12-08T00:45:31.022642" elapsed="0.000041"/>
</kw>
<doc>Wait for flight results to appear, assert there is at least one result, and log the first result for debugging.</doc>
<status status="FAIL" start="2025-12-08T00:45:30.601735" elapsed="0.421144">Recursive execution stopped.</status>
</kw>
<kw name="Wait Until Page Contains Element" owner="SeleniumLibrary">
<arg>xpath=//div[contains(@class,'flight') or contains(@class,'result')] | //li[contains(@class,'flight') or contains(@class,'result')]</arg>
<arg>${TIMEOUT}</arg>
<doc>Waits until the element ``locator`` appears on the current page.</doc>
<status status="NOT RUN" start="2025-12-08T00:45:31.023071" elapsed="0.000046"/>
</kw>
<kw name="Get Element Count" owner="SeleniumLibrary">
<var>${count}</var>
<arg>xpath=//div[contains(@class,'flight') or contains(@class,'result')] | //li[contains(@class,'flight') or contains(@class,'result')]</arg>
<doc>Returns the number of elements matching ``locator``.</doc>
<status status="NOT RUN" start="2025-12-08T00:45:31.023276" elapsed="0.000042"/>
</kw>
<kw name="Log" owner="BuiltIn">
<arg>Number of flight result nodes found: ${count}</arg>
<doc>Logs the given message with the given level.</doc>
<status status="NOT RUN" start="2025-12-08T00:45:31.023464" elapsed="0.000040"/>
</kw>
<kw name="Evaluate" owner="BuiltIn">
<var>${has_results}</var>
<arg>${count} &gt; 0</arg>
<doc>Evaluates the given expression in Python and returns the result.</doc>
<status status="NOT RUN" start="2025-12-08T00:45:31.023649" elapsed="0.000058"/>
</kw>
<kw name="Should Be True" owner="BuiltIn">
<arg>${has_results}</arg>
<arg>msg=No flights found after search (expected at least 1)</arg>
<doc>Fails if the given condition is not true.</doc>
<status status="NOT RUN" start="2025-12-08T00:45:31.023855" elapsed="0.000043"/>
</kw>
<kw name="Get Text" owner="SeleniumLibrary">
<var>${first}</var>
<arg>xpath=(//div[contains(@class,'flight') or contains(@class,'result')] | //li[contains(@class,'flight') or contains(@class,'result')])[1]</arg>
<doc>Returns the text value of the element identified by ``locator``.</doc>
<status status="NOT RUN" start="2025-12-08T00:45:31.024049" elapsed="0.000041"/>
</kw>
<kw name="Log" owner="BuiltIn">
<arg>First flight result (snippet): ${first}</arg>
<doc>Logs the given message with the given level.</doc>
<status status="NOT RUN" start="2025-12-08T00:45:31.024239" elapsed="0.000040"/>
</kw>
<doc>Wait for flight results to appear, assert there is at least one result, and log the first result for debugging.</doc>
<status status="FAIL" start="2025-12-08T00:45:30.601345" elapsed="0.423090">Recursive execution stopped.</status>
</kw>
<kw name="Wait Until Page Contains Element" owner="SeleniumLibrary">
<arg>xpath=//div[contains(@class,'flight') or contains(@class,'result')] | //li[contains(@class,'flight') or contains(@class,'result')]</arg>
<arg>${TIMEOUT}</arg>
<doc>Waits until the element ``locator`` appears on the current page.</doc>
<status status="NOT RUN" start="2025-12-08T00:45:31.024621" elapsed="0.000257"/>
</kw>
<kw name="Get Element Count" owner="SeleniumLibrary">
<var>${count}</var>
<arg>xpath=//div[contains(@class,'flight') or contains(@class,'result')] | //li[contains(@class,'flight') or contains(@class,'result')]</arg>
<doc>Returns the number of elements matching ``locator``.</doc>
<status status="NOT RUN" start="2025-12-08T00:45:31.025665" elapsed="0.000041"/>
</kw>
<kw name="Log" owner="BuiltIn">
<arg>Number of flight result nodes found: ${count}</arg>
<doc>Logs the given message with the given level.</doc>
<status status="NOT RUN" start="2025-12-08T00:45:31.025779" elapsed="0.000017"/>
</kw>
<kw name="Evaluate" owner="BuiltIn">
<var>${has_results}</var>
<arg>${count} &gt; 0</arg>
<doc>Evaluates the given expression in Python and returns the result.</doc>
<status status="NOT RUN" start="2025-12-08T00:45:31.025853" elapsed="0.000015"/>
</kw>
<kw name="Should Be True" owner="BuiltIn">
<arg>${has_results}</arg>
<arg>msg=No flights found after search (expected at least 1)</arg>
<doc>Fails if the given condition is not true.</doc>
<status status="NOT RUN" start="2025-12-08T00:45:31.025928" elapsed="0.000015"/>
</kw>
<kw name="Get Text" owner="SeleniumLibrary">
<var>${first}</var>
<arg>xpath=(//div[contains(@class,'flight') or contains(@class,'result')] | //li[contains(@class,'flight') or contains(@class,'result')])[1]</arg>
<doc>Returns the text value of the element identified by ``locator``.</doc>
<status status="NOT RUN" start="2025-12-08T00:45:31.026001" elapsed="0.000015"/>
</kw>
<kw name="Log" owner="BuiltIn">
<arg>First flight result (snippet): ${first}</arg>
<doc>Logs the given message with the given level.</doc>
<status status="NOT RUN" start="2025-12-08T00:45:31.026106" elapsed="0.000018"/>
</kw>
<doc>Wait for flight results to appear, assert there is at least one result, and log the first result for debugging.</doc>
<status status="FAIL" start="2025-12-08T00:45:30.600935" elapsed="0.425267">Recursive execution stopped.</status>
</kw>
<kw name="Wait Until Page Contains Element" owner="SeleniumLibrary">
<arg>xpath=//div[contains(@class,'flight') or contains(@class,'result')] | //li[contains(@class,'flight') or contains(@class,'result')]</arg>
<arg>${TIMEOUT}</arg>
<doc>Waits until the element ``locator`` appears on the current page.</doc>
<status status="NOT RUN" start="2025-12-08T00:45:31.026277" elapsed="0.000018"/>
</kw>
<kw name="Get Element Count" owner="SeleniumLibrary">
<var>${count}</var>
<arg>xpath=//div[contains(@class,'flight') or contains(@class,'result')] | //li[contains(@class,'flight') or contains(@class,'result')]</arg>
<doc>Returns the number of elements matching ``locator``.</doc>
<status status="NOT RUN" start="2025-12-08T00:45:31.026357" elapsed="0.000016"/>
</kw>
<kw name="Log" owner="BuiltIn">
<arg>Number of flight result nodes found: ${count}</arg>
<doc>Logs the given message with the given level.</doc>
<status status="NOT RUN" start="2025-12-08T00:45:31.026699" elapsed="0.000062"/>
</kw>
<kw name="Evaluate" owner="BuiltIn">
<var>${has_results}</var>
<arg>${count} &gt; 0</arg>
<doc>Evaluates the given expression in Python and returns the result.</doc>
<status status="NOT RUN" start="2025-12-08T00:45:31.026868" elapsed="0.000084"/>
</kw>
<kw name="Should Be True" owner="BuiltIn">
<arg>${has_results}</arg>
<arg>msg=No flights found after search (expected at least 1)</arg>
<doc>Fails if the given condition is not true.</doc>
<status status="NOT RUN" start="2025-12-08T00:45:31.027049" elapsed="0.000022"/>
</kw>
<kw name="Get Text" owner="SeleniumLibrary">
<var>${first}</var>
<arg>xpath=(//div[contains(@class,'flight') or contains(@class,'result')] | //li[contains(@class,'flight') or contains(@class,'result')])[1]</arg>
<doc>Returns the text value of the element identified by ``locator``.</doc>
<status status="NOT RUN" start="2025-12-08T00:45:31.027405" elapsed="0.000032"/>
</kw>
<kw name="Log" owner="BuiltIn">
<arg>First flight result (snippet): ${first}</arg>
<doc>Logs the given message with the given level.</doc>
<status status="NOT RUN" start="2025-12-08T00:45:31.027535" elapsed="0.000021"/>
</kw>
<doc>Wait for flight results to appear, assert there is at least one result, and log the first result for debugging.</doc>
<status status="FAIL" start="2025-12-08T00:45:30.600497" elapsed="0.427134">Recursive execution stopped.</status>
</kw>
<kw name="Wait Until Page Contains Element" owner="SeleniumLibrary">
<arg>xpath=//div[contains(@class,'flight') or contains(@class,'result')] | //li[contains(@class,'flight') or contains(@class,'result')]</arg>
<arg>${TIMEOUT}</arg>
<doc>Waits until the element ``locator`` appears on the current page.</doc>
<status status="NOT RUN" start="2025-12-08T00:45:31.027737" elapsed="0.000028"/>
</kw>
<kw name="Get Element Count" owner="SeleniumLibrary">
<var>${count}</var>
<arg>xpath=//div[contains(@class,'flight') or contains(@class,'result')] | //li[contains(@class,'flight') or contains(@class,'result')]</arg>
<doc>Returns the number of elements matching ``locator``.</doc>
<status status="NOT RUN" start="2025-12-08T00:45:31.027846" elapsed="0.000015"/>
</kw>
<kw name="Log" owner="BuiltIn">
<arg>Number of flight result nodes found: ${count}</arg>
<doc>Logs the given message with the given level.</doc>
<status status="NOT RUN" start="2025-12-08T00:45:31.027920" elapsed="0.000017"/>
</kw>
<kw name="Evaluate" owner="BuiltIn">
<var>${has_results}</var>
<arg>${count} &gt; 0</arg>
<doc>Evaluates the given expression in Python and returns the result.</doc>
<status status="NOT RUN" start="2025-12-08T00:45:31.027992" elapsed="0.000016"/>
</kw>
<kw name="Should Be True" owner="BuiltIn">
<arg>${has_results}</arg>
<arg>msg=No flights found after search (expected at least 1)</arg>
<doc>Fails if the given condition is not true.</doc>
<status status="NOT RUN" start="2025-12-08T00:45:31.028062" elapsed="0.000015"/>
</kw>
<kw name="Get Text" owner="SeleniumLibrary">
<var>${first}</var>
<arg>xpath=(//div[contains(@class,'flight') or contains(@class,'result')] | //li[contains(@class,'flight') or contains(@class,'result')])[1]</arg>
<doc>Returns the text value of the element identified by ``locator``.</doc>
<status status="NOT RUN" start="2025-12-08T00:45:31.028134" elapsed="0.000015"/>
</kw>
<kw name="Log" owner="BuiltIn">
<arg>First flight result (snippet): ${first}</arg>
<doc>Logs the given message with the given level.</doc>
<status status="NOT RUN" start="2025-12-08T00:45:31.028204" elapsed="0.000030"/>
</kw>
<doc>Wait for flight results to appear, assert there is at least one result, and log the first result for debugging.</doc>
<status status="FAIL" start="2025-12-08T00:45:30.600024" elapsed="0.428371">Recursive execution stopped.</status>
</kw>
<kw name="Wait Until Page Contains Element" owner="SeleniumLibrary">
<arg>xpath=//div[contains(@class,'flight') or contains(@class,'result')] | //li[contains(@class,'flight') or contains(@class,'result')]</arg>
<arg>${TIMEOUT}</arg>
<doc>Waits until the element ``locator`` appears on the current page.</doc>
<status status="NOT RUN" start="2025-12-08T00:45:31.028603" elapsed="0.000047"/>
</kw>
<kw name="Get Element Count" owner="SeleniumLibrary">
<var>${count}</var>
<arg>xpath=//div[contains(@class,'flight') or contains(@class,'result')] | //li[contains(@class,'flight') or contains(@class,'result')]</arg>
<doc>Returns the number of elements matching ``locator``.</doc>
<status status="NOT RUN" start="2025-12-08T00:45:31.028851" elapsed="0.000050"/>
</kw>
<kw name="Log" owner="BuiltIn">
<arg>Number of flight result nodes found: ${count}</arg>
<doc>Logs the given message with the given level.</doc>
<status status="NOT RUN" start="2025-12-08T00:45:31.029057" elapsed="0.000046"/>
</kw>
<kw name="Evaluate" owner="BuiltIn">
<var>${has_results}</var>
<arg>${count} &gt; 0</arg>
<doc>Evaluates the given expression in Python and returns the result.</doc>
<status status="NOT RUN" start="2025-12-08T00:45:31.029250" elapsed="0.000041"/>
</kw>
<kw name="Should Be True" owner="BuiltIn">
<arg>${has_results}</arg>
<arg>msg=No flights found after search (expected at least 1)</arg>
<doc>Fails if the given condition is not true.</doc>
<status status="NOT RUN" start="2025-12-08T00:45:31.029439" elapsed="0.000041"/>
</kw>
<kw name="Get Text" owner="SeleniumLibrary">
<var>${first}</var>
<arg>xpath=(//div[contains(@class,'flight') or contains(@class,'result')] | //li[contains(@class,'flight') or contains(@class,'result')])[1]</arg>
<doc>Returns the text value of the element identified by ``locator``.</doc>
<status status="NOT RUN" start="2025-12-08T00:45:31.029633" elapsed="0.000041"/>
</kw>
<kw name="Log" owner="BuiltIn">
<arg>First flight result (snippet): ${first}</arg>
<doc>Logs the given message with the given level.</doc>
<status status="NOT RUN" start="2025-12-08T00:45:31.029823" elapsed="0.000038"/>
</kw>
<doc>Wait for flight results to appear, assert there is at least one result, and log the first result for debugging.</doc>
<status status="FAIL" start="2025-12-08T00:45:30.599240" elapsed="0.430783">Recursive execution stopped.</status>
</kw>
<doc>Login -&gt; open search -&gt; valid route returns results</doc>
<status status="FAIL" start="2025-12-08T00:44:25.984701" elapsed="65.046165">Recursive execution stopped.</status>
</test>
<test id="s1-t2" name="Negative Flight Search - no results for invalid route" line="18">
<kw name="Go To Login Page" owner="LoginKeywords">
<kw name="Go To" owner="SeleniumLibrary">
<msg time="2025-12-08T00:45:31.037106" level="INFO">Opening url 'https://testingmint.com/testingmint-flight-booking/'</msg>
<msg time="2025-12-08T00:45:32.258566" level="INFO" html="true">&lt;/td&gt;&lt;/tr&gt;&lt;tr&gt;&lt;td colspan="3"&gt;&lt;a href="selenium-screenshot-73.png"&gt;&lt;img src="selenium-screenshot-73.png" width="800px"&gt;&lt;/a&gt;</msg>
<msg time="2025-12-08T00:45:32.261136" level="FAIL">UnexpectedAlertPresentException: Alert Text: Please enter all search details
Message: unexpected alert open: {Alert text : Please enter all search details}
  (Session info: chrome=143.0.7499.41)
Stacktrace:
Symbols not available. Dumping unresolved backtrace:
	0x7ff6bf9d8255
	0x7ff6bf9d82b0
	0x7ff6bf7b165d
	0x7ff6bf85b6da
	0x7ff6bf7fac29
	0x7ff6bf7fba93
	0x7ff6bfcefff0
	0x7ff6bfcea930
	0x7ff6bfd09096
	0x7ff6bf9f5754
	0x7ff6bf9fe6fc
	0x7ff6bf9e1974
	0x7ff6bf9e1b25
	0x7ff6bf9c7852
	0x7ffc13fd259d
	0x7ffc155eaf78
</msg>
<arg>${BASE_URL}</arg>
<doc>Navigates the current browser window to the provided ``url``.</doc>
<status status="FAIL" start="2025-12-08T00:45:31.036911" elapsed="1.229196">UnexpectedAlertPresentException: Alert Text: Please enter all search details
Message: unexpected alert open: {Alert text : Please enter all search details}
  (Session info: chrome=143.0.7499.41)
Stacktrace:
Symbols not available. Dumping unresolved backtrace:
	0x7ff6bf9d8255
	0x7ff6bf9d82b0
	0x7ff6bf7b165d
	0x7ff6bf85b6da
	0x7ff6bf7fac29
	0x7ff6bf7fba93
	0x7ff6bfcefff0
	0x7ff6bfcea930
	0x7ff6bfd09096
	0x7ff6bf9f5754
	0x7ff6bf9fe6fc
	0x7ff6bf9e1974
	0x7ff6bf9e1b25
	0x7ff6bf9c7852
	0x7ffc13fd259d
	0x7ffc155eaf78
</status>
</kw>
<kw name="Wait Until Page Contains Element" owner="SeleniumLibrary">
<arg>xpath=//button[normalize-space(text())='Login']</arg>
<arg>${TIMEOUT}</arg>
<doc>Waits until the element ``locator`` appears on the current page.</doc>
<status status="NOT RUN" start="2025-12-08T00:45:32.266720" elapsed="0.000083"/>
</kw>
<kw name="Click Button" owner="SeleniumLibrary">
<arg>xpath=//button[normalize-space(text())='Login']</arg>
<doc>Clicks the button identified by ``locator``.</doc>
<status status="NOT RUN" start="2025-12-08T00:45:32.266942" elapsed="0.000042"/>
</kw>
<doc>Ensure we are on login page or go to login page</doc>
<status status="FAIL" start="2025-12-08T00:45:31.034962" elapsed="1.232362">UnexpectedAlertPresentException: Alert Text: Please enter all search details
Message: unexpected alert open: {Alert text : Please enter all search details}
  (Session info: chrome=143.0.7499.41)
Stacktrace:
Symbols not available. Dumping unresolved backtrace:
	0x7ff6bf9d8255
	0x7ff6bf9d82b0
	0x7ff6bf7b165d
	0x7ff6bf85b6da
	0x7ff6bf7fac29
	0x7ff6bf7fba93
	0x7ff6bfcefff0
	0x7ff6bfcea930
	0x7ff6bfd09096
	0x7ff6bf9f5754
	0x7ff6bf9fe6fc
	0x7ff6bf9e1974
	0x7ff6bf9e1b25
	0x7ff6bf9c7852
	0x7ffc13fd259d
	0x7ffc155eaf78
</status>
</kw>
<kw name="Login To Application" owner="LoginKeywords">
<arg>${VALID_USERNAME}</arg>
<arg>${VALID_PASSWORD}</arg>
<doc>Generic login with credentials.</doc>
<status status="NOT RUN" start="2025-12-08T00:45:32.269121" elapsed="0.000074"/>
</kw>
<kw name="Verify Login Success" owner="LoginKeywords">
<doc>Waits until one of the common login-success indicators appears, otherwise logs current URL and fails.</doc>
<status status="NOT RUN" start="2025-12-08T00:45:32.269612" elapsed="0.000054"/>
</kw>
<kw name="Search Flight" owner="SearchKeywords">
<arg>${FROM_CITY_BAD}</arg>
<arg>${TO_CITY_BAD}</arg>
<arg>${DEPART_DATE_BAD}</arg>
<doc>Fill search fields. Update locators to match actual page.</doc>
<status status="NOT RUN" start="2025-12-08T00:45:32.271067" elapsed="0.000045"/>
</kw>
<kw name="Verify No Flights Found" owner="SearchKeywords">
<doc>Checks for "no results" message</doc>
<status status="NOT RUN" start="2025-12-08T00:45:32.271656" elapsed="0.000037"/>
</kw>
<doc>Login -&gt; search an invalid route -&gt; no flights found</doc>
<status status="FAIL" start="2025-12-08T00:45:31.033140" elapsed="1.238870">UnexpectedAlertPresentException: Alert Text: Please enter all search details
Message: unexpected alert open: {Alert text : Please enter all search details}
  (Session info: chrome=143.0.7499.41)
Stacktrace:
Symbols not available. Dumping unresolved backtrace:
	0x7ff6bf9d8255
	0x7ff6bf9d82b0
	0x7ff6bf7b165d
	0x7ff6bf85b6da
	0x7ff6bf7fac29
	0x7ff6bf7fba93
	0x7ff6bfcefff0
	0x7ff6bfcea930
	0x7ff6bfd09096
	0x7ff6bf9f5754
	0x7ff6bf9fe6fc
	0x7ff6bf9e1974
	0x7ff6bf9e1b25
	0x7ff6bf9c7852
	0x7ffc13fd259d
	0x7ffc155eaf78
</status>
</test>
<kw name="Close All Browsers" owner="SeleniumLibrary" type="TEARDOWN">
<doc>Closes all open browsers and resets the browser cache.</doc>
<status status="PASS" start="2025-12-08T00:45:32.274837" elapsed="3.453350"/>
</kw>
<status status="FAIL" start="2025-12-08T00:44:21.932735" elapsed="73.795680"/>
</suite>
<statistics>
<total>
<stat pass="0" fail="2" skip="0">All Tests</stat>
</total>
<tag>
</tag>
<suite>
<stat name="SearchFlight" id="s1" pass="0" fail="2" skip="0">SearchFlight</stat>
</suite>
</statistics>
<errors>
</errors>
</robot>
